TN:
SF:/Users/gabe/projects/canopy/crates/canopy-cli/src/lib.rs
FN:6,run_cli
FNF:1
FNDA:12,run_cli
DA:6,12
DA:7,24
DA:8,12
LF:3
LH:3
end_of_record
TN:
SF:/Users/gabe/projects/canopy/crates/canopy-cli/src/main.rs
FN:1,main
FNF:1
FNDA:0,main
DA:1,0
DA:2,0
DA:3,0
DA:4,0
LF:4
LH:0
end_of_record
TN:
SF:/Users/gabe/projects/canopy/crates/canopy-core/src/layer1parser.rs
FN:81,<impl Default for Layer1HelperConfig>::default
FN:94,<impl LayerConfig for Layer1HelperConfig>::to_map
FN:117,<impl LayerConfig for Layer1HelperConfig>::validate
FN:129,<impl LayerConfig for Layer1HelperConfig>::layer_name
FN:171,Layer1ParserHandler::new
FN:180,Layer1ParserHandler::with_config
FN:197,Layer1ParserHandler::process_with_udpipe
FN:228,Layer1ParserHandler::tokenize_and_parse
FN:278,Layer1ParserHandler::analyze_morphology
FN:324,Layer1ParserHandler::assign_pos_tag
FN:395,Layer1ParserHandler::update_stats
FN:420,<impl Default for Layer1ParserHandler>::default
FN:426,<impl LayerHandler for Layer1ParserHandler>::process
FN:456,<impl LayerHandler for Layer1ParserHandler>::config
FN:460,<impl LayerHandler for Layer1ParserHandler>::health
FN:525,<impl Default for SemanticConfig>::default
FN:537,<impl LayerConfig for SemanticConfig>::to_map
FN:559,<impl LayerConfig for SemanticConfig>::validate
FN:566,<impl LayerConfig for SemanticConfig>::layer_name
FN:574,SemanticAnalysisHandler::new
FN:583,SemanticAnalysisHandler::with_config
FN:596,SemanticAnalysisHandler::enhance_with_semantics
FN:621,SemanticAnalysisHandler::add_basic_semantic_features
FN:645,<impl Default for SemanticAnalysisHandler>::default
FN:651,<impl LayerHandler for SemanticAnalysisHandler>::process
FN:678,<impl LayerHandler for SemanticAnalysisHandler>::config
FN:682,<impl LayerHandler for SemanticAnalysisHandler>::health
FNF:27
FNDA:204,<impl Default for Layer1HelperConfig>::default
FNDA:4,<impl LayerConfig for Layer1HelperConfig>::to_map
FNDA:18,<impl LayerConfig for Layer1HelperConfig>::validate
FNDA:4,<impl LayerConfig for Layer1HelperConfig>::layer_name
FNDA:187,Layer1ParserHandler::new
FNDA:46,Layer1ParserHandler::with_config
FNDA:1395,Layer1ParserHandler::process_with_udpipe
FNDA:1391,Layer1ParserHandler::tokenize_and_parse
FNDA:13384,Layer1ParserHandler::analyze_morphology
FNDA:13384,Layer1ParserHandler::assign_pos_tag
FNDA:0,Layer1ParserHandler::update_stats
FNDA:0,<impl Default for Layer1ParserHandler>::default
FNDA:1395,<impl LayerHandler for Layer1ParserHandler>::process
FNDA:4,<impl LayerHandler for Layer1ParserHandler>::config
FNDA:97,<impl LayerHandler for Layer1ParserHandler>::health
FNDA:193,<impl Default for SemanticConfig>::default
FNDA:4,<impl LayerConfig for SemanticConfig>::to_map
FNDA:4,<impl LayerConfig for SemanticConfig>::validate
FNDA:4,<impl LayerConfig for SemanticConfig>::layer_name
FNDA:177,SemanticAnalysisHandler::new
FNDA:44,SemanticAnalysisHandler::with_config
FNDA:1335,SemanticAnalysisHandler::enhance_with_semantics
FNDA:13284,SemanticAnalysisHandler::add_basic_semantic_features
FNDA:0,<impl Default for SemanticAnalysisHandler>::default
FNDA:1335,<impl LayerHandler for SemanticAnalysisHandler>::process
FNDA:4,<impl LayerHandler for SemanticAnalysisHandler>::config
FNDA:94,<impl LayerHandler for SemanticAnalysisHandler>::health
DA:81,204
DA:94,4
DA:95,8
DA:96,24
DA:97,8
DA:98,8
DA:99,8
DA:101,8
DA:102,8
DA:103,8
DA:105,8
DA:106,8
DA:107,8
DA:109,24
DA:110,8
DA:111,8
DA:112,8
DA:114,4
DA:117,18
DA:118,18
DA:119,3
DA:123,6
DA:126,9
DA:129,4
DA:130,4
DA:171,187
DA:173,187
DA:174,187
DA:180,46
DA:183,46
DA:197,1395
DA:201,1397
DA:202,2
DA:206,2790
DA:207,4
DA:208,4
DA:213,1391
DA:215,2
DA:216,6
DA:228,1391
DA:229,6955
DA:231,2782
DA:232,28
DA:233,56
DA:234,56
DA:235,28
DA:236,28
DA:244,13384
DA:246,13384
DA:262,0
DA:263,0
DA:265,0
DA:266,0
DA:267,0
DA:269,0
DA:270,0
DA:278,13384
DA:282,26768
DA:285,13384
DA:286,13414
DA:287,30
DA:288,30
DA:290,13382
DA:291,28
DA:294,39978
DA:295,136
DA:296,136
DA:298,13212
DA:299,22
DA:300,22
DA:302,13188
DA:303,20
DA:304,20
DA:306,13148
DA:310,13594
DA:311,210
DA:312,13526
DA:314,142
DA:318,18424
DA:319,1146
DA:324,13384
DA:327,26768
DA:330,13384
DA:331,13384
DA:332,13384
DA:334,26768
DA:336,1284
DA:337,1284
DA:346,1539
DA:347,1539
DA:356,298
DA:357,298
DA:367,410
DA:368,410
DA:373,298
DA:374,298
DA:378,19694
DA:379,382
DA:380,382
DA:384,18768
DA:385,1284
DA:395,0
DA:402,0
DA:403,0
DA:405,0
DA:406,0
DA:409,0
DA:410,0
DA:411,0
DA:413,0
DA:414,0
DA:420,0
DA:421,0
DA:426,1395
DA:427,2790
DA:429,5580
DA:431,2790
DA:436,1395
DA:437,1363
DA:438,2
DA:439,4
DA:440,4
DA:441,2
DA:442,2
DA:446,32
DA:447,32
DA:448,0
DA:453,1395
DA:456,4
DA:457,4
DA:460,97
DA:461,194
DA:462,0
DA:464,97
DA:467,194
DA:468,0
DA:470,97
DA:473,291
DA:475,194
DA:476,485
DA:477,485
DA:478,485
DA:479,194
DA:480,194
DA:481,97
DA:485,291
DA:487,194
DA:525,193
DA:537,4
DA:538,8
DA:539,8
DA:540,8
DA:541,8
DA:543,8
DA:544,8
DA:545,8
DA:547,8
DA:548,8
DA:549,8
DA:551,8
DA:552,8
DA:553,8
DA:555,24
DA:556,4
DA:559,4
DA:560,8
DA:561,2
DA:563,2
DA:566,4
DA:567,4
DA:574,177
DA:576,177
DA:577,177
DA:583,44
DA:586,44
DA:596,1335
DA:597,1335
DA:598,0
DA:608,2670
DA:610,14619
DA:612,39852
DA:613,13284
DA:617,1335
DA:621,13284
DA:625,13284
DA:626,26568
DA:627,13284
DA:628,26568
DA:630,16
DA:631,13298
DA:632,14
DA:637,29587
DA:639,3019
DA:645,0
DA:646,0
DA:651,1335
DA:652,2670
DA:654,5340
DA:656,2670
DA:658,1335
DA:659,1335
DA:660,0
DA:661,0
DA:662,0
DA:663,0
DA:664,0
DA:668,0
DA:669,0
DA:670,0
DA:675,1335
DA:678,4
DA:679,4
DA:682,94
DA:683,188
DA:684,0
DA:686,94
DA:689,188
DA:690,0
DA:692,94
DA:695,188
DA:697,188
DA:698,470
DA:699,470
DA:700,470
DA:703,282
DA:705,188
LF:226
LH:191
end_of_record
TN:
SF:/Users/gabe/projects/canopy/crates/canopy-core/src/lib.rs
FN:100,ThetaRole::all
FN:126,ThetaRole::is_core_argument
FN:399,<impl FromStr for DepRel>::from_str
FN:450,DepRel::from_str_simple
FN:535,Word::new
FN:563,Sentence::new
FN:570,Sentence::word_count
FN:584,Document::new
FN:589,Document::sentence_count
FN:594,Document::total_word_count
FN:833,LittleV::external_argument
FN:847,LittleV::is_eventive
FN:853,LittleV::aspectual_class
FNF:13
FNDA:1261,ThetaRole::all
FNDA:531,ThetaRole::is_core_argument
FNDA:2,<impl FromStr for DepRel>::from_str
FNDA:2,DepRel::from_str_simple
FNDA:472917,Word::new
FNDA:18555,Sentence::new
FNDA:16550,Sentence::word_count
FNDA:2014,Document::new
FNDA:359,Document::sentence_count
FNDA:374,Document::total_word_count
FNDA:1011,LittleV::external_argument
FNDA:5,LittleV::is_eventive
FNDA:8,LittleV::aspectual_class
DA:100,1261
DA:101,1261
DA:102,1261
DA:103,1261
DA:104,1261
DA:105,1261
DA:106,1261
DA:107,1261
DA:108,1261
DA:109,1261
DA:110,1261
DA:111,1261
DA:112,1261
DA:113,1261
DA:114,1261
DA:115,1261
DA:116,1261
DA:117,1261
DA:118,1261
DA:119,1261
DA:120,1261
DA:126,531
DA:127,406
DA:128,531
DA:399,2
DA:400,2
DA:401,2
DA:402,2
DA:403,2
DA:404,2
DA:405,2
DA:406,2
DA:407,2
DA:408,2
DA:409,2
DA:410,2
DA:411,2
DA:412,2
DA:413,2
DA:414,2
DA:415,2
DA:416,2
DA:417,2
DA:418,2
DA:419,2
DA:420,2
DA:421,2
DA:422,2
DA:423,2
DA:424,2
DA:425,2
DA:426,2
DA:427,2
DA:428,2
DA:429,2
DA:430,3
DA:431,1
DA:432,1
DA:433,1
DA:434,1
DA:435,1
DA:436,1
DA:437,1
DA:438,1
DA:439,1
DA:440,1
DA:441,1
DA:442,1
DA:450,2
DA:451,6
DA:535,472917
DA:538,945834
DA:542,945834
DA:563,18555
DA:564,55665
DA:565,55665
DA:570,16550
DA:571,33100
DA:584,2014
DA:589,359
DA:590,718
DA:594,374
DA:595,1122
DA:833,1011
DA:834,1011
DA:835,1
DA:836,2002
DA:837,2
DA:838,4
DA:839,4
DA:840,2
DA:841,3
DA:847,5
DA:848,9
DA:853,8
DA:854,8
DA:858,4
DA:859,2
DA:860,1
DA:861,1
LF:100
LH:100
end_of_record
TN:
SF:/Users/gabe/projects/canopy/crates/canopy-engine/src/cache.rs
FN:50,CacheEntry<V>::new
FN:57,CacheEntry<V>::is_expired
FN:68,EngineCache<K,V>::new
FN:84,EngineCache<K,V>::with_ttl
FN:91,EngineCache<K,V>::get
FN:115,EngineCache<K,V>::insert
FN:131,EngineCache<K,V>::remove
FN:140,EngineCache<K,V>::clear
FN:153,EngineCache<K,V>::stats
FN:183,EngineCache<K,V>::len
FN:192,EngineCache<K,V>::is_empty
FN:197,EngineCache<K,V>::cleanup_expired
FN:240,CacheStats::empty
FN:253,CacheStats::miss_rate
FN:258,CacheStats::is_performing_well
FN:282,MultiLevelCache<K,V>::new
FN:290,MultiLevelCache<K,V>::get
FN:306,MultiLevelCache<K,V>::insert
FN:313,MultiLevelCache<K,V>::stats
FN:332,MultiLevelCacheStats::overall_hit_rate
FNF:20
FNDA:3450,CacheEntry<V>::new
FNDA:18,CacheEntry<V>::is_expired
FNDA:277,EngineCache<K,V>::new
FNDA:9,EngineCache<K,V>::with_ttl
FNDA:1741,EngineCache<K,V>::get
FNDA:3450,EngineCache<K,V>::insert
FNDA:2,EngineCache<K,V>::remove
FNDA:2,EngineCache<K,V>::clear
FNDA:43,EngineCache<K,V>::stats
FNDA:28,EngineCache<K,V>::len
FNDA:5,EngineCache<K,V>::is_empty
FNDA:3,EngineCache<K,V>::cleanup_expired
FNDA:371,CacheStats::empty
FNDA:2,CacheStats::miss_rate
FNDA:6,CacheStats::is_performing_well
FNDA:9,MultiLevelCache<K,V>::new
FNDA:54,MultiLevelCache<K,V>::get
FNDA:52,MultiLevelCache<K,V>::insert
FNDA:9,MultiLevelCache<K,V>::stats
FNDA:11,MultiLevelCacheStats::overall_hit_rate
DA:50,3450
DA:53,3450
DA:57,18
DA:58,18
DA:68,277
DA:70,277
DA:75,277
DA:76,277
DA:77,277
DA:78,277
DA:84,9
DA:85,27
DA:86,9
DA:87,9
DA:91,1741
DA:92,5223
DA:94,3482
DA:95,1350
DA:97,14
DA:98,0
DA:99,12
DA:100,18
DA:101,6
DA:105,1344
DA:106,0
DA:110,391
DA:111,0
DA:115,3450
DA:116,6900
DA:117,0
DA:118,0
DA:120,2
DA:121,4
DA:124,0
DA:126,0
DA:131,2
DA:132,4
DA:133,0
DA:135,0
DA:140,2
DA:141,4
DA:142,0
DA:146,6
DA:147,6
DA:148,6
DA:149,6
DA:153,43
DA:154,172
DA:155,172
DA:156,172
DA:157,172
DA:159,86
DA:160,18
DA:162,25
DA:165,129
DA:166,0
DA:168,0
DA:178,43
DA:183,28
DA:184,56
DA:185,0
DA:187,0
DA:192,5
DA:193,5
DA:197,3
DA:198,5
DA:199,2
DA:200,0
DA:203,4
DA:204,3
DA:205,9
DA:210,8
DA:211,0
DA:212,0
DA:240,371
DA:253,2
DA:254,2
DA:258,6
DA:259,6
DA:282,9
DA:284,27
DA:285,9
DA:290,54
DA:292,143
DA:293,0
DA:297,44
DA:298,0
DA:299,0
DA:302,13
DA:306,52
DA:308,312
DA:309,208
DA:313,9
DA:315,27
DA:316,9
DA:332,11
DA:333,22
DA:334,22
DA:336,11
DA:337,4
DA:339,7
LF:101
LH:81
end_of_record
TN:
SF:/Users/gabe/projects/canopy/crates/canopy-engine/src/error.rs
FN:107,EngineError::data_load
FN:115,EngineError::data_load_with_source
FN:126,EngineError::analysis
FN:135,EngineError::analysis_with_source
FN:148,EngineError::cache
FN:156,EngineError::config
FN:163,EngineError::resource_not_found
FN:171,EngineError::invalid_input
FN:179,EngineError::not_initialized
FN:186,EngineError::timeout
FN:194,EngineError::parallel
FN:202,EngineError::data_corruption
FN:209,EngineError::version_mismatch
FN:217,EngineError::io
FN:225,EngineError::internal
FN:233,EngineError::is_recoverable
FN:244,EngineError::should_retry_with_different_input
FN:249,EngineError::category
FN:289,<impl Display for ErrorCategory>::fmt
FN:322,ErrorStats::record_error
FN:335,ErrorStats::error_rate
FN:344,ErrorStats::most_common_error
FN:352,ErrorStats::has_concerning_error_rate
FN:371,<impl From for EngineError>::from
FNF:24
FNDA:324,EngineError::data_load
FNDA:1,EngineError::data_load_with_source
FNDA:22,EngineError::analysis
FNDA:1,EngineError::analysis_with_source
FNDA:188,EngineError::cache
FNDA:5,EngineError::config
FNDA:4,EngineError::resource_not_found
FNDA:4,EngineError::invalid_input
FNDA:3,EngineError::not_initialized
FNDA:12,EngineError::timeout
FNDA:5,EngineError::parallel
FNDA:3,EngineError::data_corruption
FNDA:3,EngineError::version_mismatch
FNDA:2,EngineError::io
FNDA:4,EngineError::internal
FNDA:50,EngineError::is_recoverable
FNDA:20,EngineError::should_retry_with_different_input
FNDA:430,EngineError::category
FNDA:28,<impl Display for ErrorCategory>::fmt
FNDA:396,ErrorStats::record_error
FNDA:27,ErrorStats::error_rate
FNDA:10,ErrorStats::most_common_error
FNDA:6,ErrorStats::has_concerning_error_rate
FNDA:2,<impl From for EngineError>::from
DA:107,324
DA:109,648
DA:115,1
DA:120,3
DA:121,1
DA:126,22
DA:128,66
DA:129,44
DA:135,1
DA:141,3
DA:142,3
DA:143,1
DA:148,188
DA:150,376
DA:156,5
DA:158,5
DA:163,4
DA:165,12
DA:166,4
DA:171,4
DA:173,12
DA:174,4
DA:179,3
DA:181,3
DA:186,12
DA:188,24
DA:194,5
DA:196,10
DA:202,3
DA:204,3
DA:209,3
DA:211,9
DA:212,3
DA:217,2
DA:219,4
DA:225,4
DA:227,8
DA:233,50
DA:234,50
DA:235,7
DA:236,6
DA:237,4
DA:238,6
DA:239,27
DA:244,20
DA:245,30
DA:249,430
DA:250,430
DA:251,4
DA:252,29
DA:253,364
DA:254,2
DA:255,4
DA:256,2
DA:257,2
DA:258,7
DA:259,4
DA:260,2
DA:261,2
DA:262,4
DA:263,2
DA:264,2
DA:289,28
DA:290,28
DA:291,2
DA:292,6
DA:293,6
DA:294,6
DA:295,6
DA:296,6
DA:297,6
DA:298,6
DA:299,6
DA:300,6
DA:301,6
DA:302,6
DA:303,6
DA:304,6
DA:322,396
DA:323,1188
DA:324,1188
DA:325,396
DA:328,1584
DA:329,436
DA:330,40
DA:335,27
DA:336,27
DA:337,2
DA:339,25
DA:344,10
DA:345,10
DA:347,10
DA:348,10
DA:352,6
DA:355,6
DA:361,2
DA:363,4
DA:371,2
DA:373,6
DA:374,2
LF:100
LH:100
end_of_record
TN:
SF:/Users/gabe/projects/canopy/crates/canopy-engine/src/lib.rs
FN:49,<impl Default for EngineConfig>::default
FN:76,SemanticResult<T>::new
FN:86,SemanticResult<T>::with_high_confidence
FN:91,SemanticResult<T>::cached
FN:113,QualityMetrics::new
FN:124,QualityMetrics::update
FN:141,<impl Default for QualityMetrics>::default
FNF:7
FNDA:46,<impl Default for EngineConfig>::default
FNDA:1338,SemanticResult<T>::new
FNDA:0,SemanticResult<T>::with_high_confidence
FNDA:11,SemanticResult<T>::cached
FNDA:1,QualityMetrics::new
FNDA:2,QualityMetrics::update
FNDA:0,<impl Default for QualityMetrics>::default
DA:49,46
DA:76,1338
DA:86,0
DA:87,0
DA:91,11
DA:92,33
DA:113,1
DA:124,2
DA:125,2
DA:128,2
DA:131,3
DA:132,1
DA:136,2
DA:141,0
DA:142,0
LF:15
LH:11
end_of_record
TN:
SF:/Users/gabe/projects/canopy/crates/canopy-engine/src/parallel.rs
FN:24,ParallelProcessor::new
FN:32,ParallelProcessor::process_parallel
FN:104,ParallelProcessor::process_sequential
FN:128,ParallelProcessor::set_thread_count
FN:133,ParallelProcessor::thread_count
FN:138,ParallelProcessor::set_enabled
FN:143,ParallelProcessor::is_enabled
FN:148,ParallelProcessor::optimal_thread_count
FN:158,<impl Default for ParallelProcessor>::default
FN:174,MultiEngineCoordinator::new
FN:182,MultiEngineCoordinator::set_engine_timeout
FN:187,MultiEngineCoordinator::query_engines
FN:267,RayonProcessor::process_parallel
FNF:13
FNDA:36,ParallelProcessor::new
FNDA:20,ParallelProcessor::process_parallel
FNDA:7,ParallelProcessor::process_sequential
FNDA:2,ParallelProcessor::set_thread_count
FNDA:8,ParallelProcessor::thread_count
FNDA:2,ParallelProcessor::set_enabled
FNDA:8,ParallelProcessor::is_enabled
FNDA:2,ParallelProcessor::optimal_thread_count
FNDA:1,<impl Default for ParallelProcessor>::default
FNDA:9,MultiEngineCoordinator::new
FNDA:3,MultiEngineCoordinator::set_engine_timeout
FNDA:7,MultiEngineCoordinator::query_engines
FNDA:4,RayonProcessor::process_parallel
DA:24,36
DA:26,72
DA:32,20
DA:38,34
DA:40,7
DA:43,0
DA:44,0
DA:45,0
DA:47,0
DA:50,31
DA:51,0
DA:52,0
DA:54,31
DA:55,62
DA:57,2163
DA:58,0
DA:60,0
DA:61,1065
DA:62,0
DA:63,0
DA:65,2
DA:66,2
DA:71,31
DA:74,0
DA:78,0
DA:80,72
DA:81,30
DA:82,29
DA:83,0
DA:85,0
DA:86,1
DA:92,12
DA:93,2135
DA:94,1062
DA:95,1061
DA:96,1
DA:100,11
DA:104,7
DA:110,14
DA:112,46
DA:113,40
DA:115,20
DA:116,19
DA:117,0
DA:118,0
DA:120,1
DA:124,6
DA:128,2
DA:129,2
DA:133,8
DA:134,8
DA:138,2
DA:139,2
DA:143,8
DA:144,8
DA:148,2
DA:150,2
DA:151,10
DA:158,1
DA:159,2
DA:174,9
DA:177,9
DA:182,3
DA:183,15
DA:187,7
DA:195,14
DA:196,1
DA:199,0
DA:200,0
DA:203,12
DA:204,0
DA:205,0
DA:206,0
DA:208,12
DA:209,24
DA:212,36
DA:214,36
DA:215,24
DA:216,24
DA:217,24
DA:221,24
DA:222,10
DA:223,0
DA:225,0
DA:226,9
DA:227,2
DA:230,0
DA:231,4
DA:232,6
DA:233,2
DA:239,0
DA:243,0
DA:245,30
DA:246,0
DA:247,12
DA:248,0
DA:252,0
DA:267,4
DA:273,12
DA:275,22
DA:276,36
DA:278,18
DA:279,17
DA:280,0
DA:281,0
DA:283,2
DA:288,4
LF:107
LH:76
end_of_record
TN:
SF:/Users/gabe/projects/canopy/crates/canopy-engine/src/stats.rs
FN:26,EngineStats::new
FN:55,<impl Default for DataStats>::default
FN:96,PerformanceMetrics::new
FN:118,PerformanceMetrics::record_query
FN:151,PerformanceMetrics::calculate_percentiles
FN:168,PerformanceMetrics::is_performing_well
FN:176,PerformanceMetrics::performance_grade
FN:192,<impl Default for PerformanceMetrics>::default
FN:217,<impl Default for QualityStats>::default
FN:245,ConfidenceDistribution::record
FN:260,ConfidenceDistribution::total
FN:265,ConfidenceDistribution::high_confidence_rate
FN:290,QualityTrends::record
FN:305,QualityTrends::calculate_trend
FN:341,<impl Default for QualityTrends>::default
FN:380,EngineHealth::assess
FN:411,EngineHealth::assess_performance
FN:433,EngineHealth::assess_quality
FN:449,EngineHealth::assess_cache
FN:457,EngineHealth::generate_recommendations
FNF:20
FNDA:369,EngineStats::new
FNDA:371,<impl Default for DataStats>::default
FNDA:612,PerformanceMetrics::new
FNDA:31011,PerformanceMetrics::record_query
FNDA:31011,PerformanceMetrics::calculate_percentiles
FNDA:2,PerformanceMetrics::is_performing_well
FNDA:10,PerformanceMetrics::performance_grade
FNDA:371,<impl Default for PerformanceMetrics>::default
FNDA:371,<impl Default for QualityStats>::default
FNDA:25,ConfidenceDistribution::record
FNDA:13,ConfidenceDistribution::total
FNDA:5,ConfidenceDistribution::high_confidence_rate
FNDA:310,QualityTrends::record
FNDA:310,QualityTrends::calculate_trend
FNDA:381,<impl Default for QualityTrends>::default
FNDA:17,EngineHealth::assess
FNDA:17,EngineHealth::assess_performance
FNDA:17,EngineHealth::assess_quality
FNDA:17,EngineHealth::assess_cache
FNDA:17,EngineHealth::generate_recommendations
DA:26,369
DA:29,738
DA:30,738
DA:31,369
DA:32,369
DA:55,371
DA:59,1113
DA:61,742
DA:62,371
DA:96,612
DA:97,1836
DA:98,612
DA:99,612
DA:113,612
DA:118,31011
DA:119,31011
DA:120,31011
DA:123,62022
DA:124,62022
DA:127,93033
DA:128,31021
DA:129,10
DA:133,31011
DA:136,93033
DA:137,31011
DA:138,31011
DA:140,62022
DA:142,38593
DA:143,7582
DA:147,62022
DA:151,31011
DA:152,62022
DA:153,0
DA:168,2
DA:170,2
DA:171,0
DA:172,0
DA:176,10
DA:177,14
DA:178,0
DA:179,14
DA:180,0
DA:181,14
DA:182,0
DA:183,14
DA:184,0
DA:186,10
DA:192,371
DA:193,371
DA:217,371
DA:222,371
DA:225,371
DA:245,25
DA:246,34
DA:247,9
DA:248,32
DA:249,7
DA:251,9
DA:255,75
DA:256,25
DA:260,13
DA:261,13
DA:265,5
DA:266,5
DA:267,2
DA:269,3
DA:290,310
DA:292,320
DA:293,30
DA:294,10
DA:297,930
DA:298,930
DA:301,620
DA:305,310
DA:306,310
DA:307,82
DA:311,0
DA:312,0
DA:314,0
DA:315,0
DA:318,4180
DA:319,0
DA:320,8360
DA:321,8360
DA:323,0
DA:324,0
DA:327,12
DA:328,12
DA:329,240
DA:330,12
DA:332,204
DA:336,0
DA:341,381
DA:343,381
DA:344,381
DA:380,17
DA:382,51
DA:383,51
DA:384,51
DA:387,34
DA:390,34
DA:391,21
DA:392,19
DA:393,21
DA:394,13
DA:395,7
DA:399,51
DA:411,17
DA:412,51
DA:415,25
DA:416,8
DA:418,23
DA:419,6
DA:423,30
DA:424,13
DA:426,30
DA:427,13
DA:430,34
DA:433,17
DA:434,34
DA:437,23
DA:438,6
DA:442,28
DA:443,11
DA:446,34
DA:449,17
DA:450,17
DA:451,15
DA:457,17
DA:458,34
DA:460,25
DA:461,24
DA:464,30
DA:465,39
DA:468,26
DA:469,27
DA:472,32
DA:473,45
DA:476,17
LF:139
LH:124
end_of_record
TN:
SF:/Users/gabe/projects/canopy/crates/canopy-engine/src/traits.rs
FN:88,DataInfo::new
FN:99,DataInfo::is_fresh
FN:149,ConfidenceDistribution::new
FN:160,ConfidenceDistribution::total
FN:165,ConfidenceDistribution::high_confidence_rate
FN:175,<impl Default for ConfidenceDistribution>::default
FNF:6
FNDA:7,DataInfo::new
FNDA:1,DataInfo::is_fresh
FNDA:0,ConfidenceDistribution::new
FNDA:3,ConfidenceDistribution::total
FNDA:1,ConfidenceDistribution::high_confidence_rate
FNDA:0,<impl Default for ConfidenceDistribution>::default
DA:88,7
DA:92,21
DA:93,7
DA:99,1
DA:100,2
DA:103,0
DA:149,0
DA:160,3
DA:161,3
DA:165,1
DA:166,1
DA:167,0
DA:169,1
DA:175,0
DA:176,0
LF:15
LH:10
end_of_record
TN:
SF:/Users/gabe/projects/canopy/crates/canopy-engine/src/xml_parser.rs
FN:20,XmlResource::validate
FN:43,<impl Default for XmlParserConfig>::default
FN:60,XmlParser::new
FN:67,XmlParser::with_config
FN:72,XmlParser::parse_file
FN:101,XmlParser::parse_directory
FN:159,XmlParser::parse_directory_parallel
FN:235,XmlParser::parse_pattern
FN:276,XmlParser::config
FN:281,XmlParser::set_config
FN:287,<impl Default for XmlParser>::default
FN:297,utils::extract_text_content
FN:332,utils::get_attribute
FN:349,utils::skip_element
FNF:14
FNDA:0,XmlResource::validate
FNDA:138,<impl Default for XmlParserConfig>::default
FNDA:132,XmlParser::new
FNDA:7,XmlParser::with_config
FNDA:30085,XmlParser::parse_file
FNDA:32,XmlParser::parse_directory
FNDA:29,XmlParser::parse_directory_parallel
FNDA:3,XmlParser::parse_pattern
FNDA:12,XmlParser::config
FNDA:1,XmlParser::set_config
FNDA:1,<impl Default for XmlParser>::default
FNDA:52,utils::extract_text_content
FNDA:8,utils::get_attribute
FNDA:3,utils::skip_element
DA:20,0
DA:22,0
DA:43,138
DA:47,138
DA:60,132
DA:62,132
DA:67,7
DA:72,30085
DA:74,120340
DA:75,35
DA:78,0
DA:79,3
DA:80,2
DA:81,3
DA:82,1
DA:83,1
DA:88,30077
DA:89,0
DA:93,0
DA:95,7
DA:96,35
DA:101,32
DA:102,32
DA:103,2
DA:104,2
DA:105,2
DA:109,60
DA:110,120
DA:111,0
DA:114,756
DA:115,1092
DA:116,0
DA:119,0
DA:122,728
DA:123,716
DA:124,357
DA:125,0
DA:126,5
DA:127,0
DA:128,1
DA:130,1
DA:134,356
DA:136,1
DA:137,1
DA:138,1
DA:140,0
DA:147,28
DA:148,9
DA:149,6
DA:150,3
DA:154,0
DA:159,29
DA:165,29
DA:166,0
DA:167,0
DA:168,0
DA:173,87
DA:174,29
DA:175,0
DA:177,29642
DA:178,118568
DA:179,88926
DA:180,148210
DA:181,29638
DA:183,4
DA:190,0
DA:192,29638
DA:193,59276
DA:194,29638
DA:195,0
DA:196,0
DA:197,0
DA:198,0
DA:200,0
DA:204,29638
DA:206,0
DA:207,0
DA:208,0
DA:210,0
DA:212,0
DA:219,0
DA:220,29
DA:221,0
DA:222,0
DA:223,0
DA:224,0
DA:227,29
DA:230,0
DA:235,3
DA:236,3
DA:237,0
DA:238,0
DA:239,0
DA:243,6
DA:244,12
DA:245,0
DA:248,13
DA:249,15
DA:250,0
DA:253,0
DA:256,15
DA:257,6
DA:258,6
DA:259,3
DA:260,0
DA:261,0
DA:262,0
DA:264,0
DA:272,3
DA:276,12
DA:277,12
DA:281,1
DA:282,1
DA:287,1
DA:288,1
DA:297,52
DA:302,104
DA:304,0
DA:305,318
DA:306,51
DA:307,204
DA:308,0
DA:310,0
DA:312,152
DA:313,0
DA:315,0
DA:316,2
DA:317,1
DA:320,1
DA:321,2
DA:323,3
DA:325,54
DA:328,0
DA:332,8
DA:333,8
DA:335,31
DA:336,46
DA:338,24
DA:340,15
DA:343,0
DA:349,3
DA:354,6
DA:356,0
DA:357,30
DA:358,4
DA:359,0
DA:361,12
DA:362,2
DA:363,2
DA:364,2
DA:367,0
DA:368,2
DA:369,1
DA:372,0
DA:373,0
DA:375,7
DA:377,7
DA:380,0
LF:158
LH:102
end_of_record
TN:
SF:/Users/gabe/projects/canopy/crates/canopy-framenet/src/engine.rs
FN:44,FrameNetEngine::new
FN:49,FrameNetEngine::with_config
FN:74,FrameNetEngine::analyze_text
FN:116,FrameNetEngine::find_lexical_units
FN:155,FrameNetEngine::get_frames_for_lexical_units
FN:172,FrameNetEngine::calculate_confidence
FN:200,FrameNetEngine::build_indices
FN:238,FrameNetEngine::update_performance_metrics
FN:248,FrameNetEngine::get_frame
FN:253,FrameNetEngine::get_frame_by_name
FN:259,FrameNetEngine::get_lexical_unit
FN:264,FrameNetEngine::get_all_frames
FN:269,FrameNetEngine::get_all_lexical_units
FN:274,FrameNetEngine::search_frames
FN:285,FrameNetEngine::search_lexical_units
FN:296,FrameNetEngine::is_loaded
FN:302,<impl DataLoader for FrameNetEngine>::load_from_directory
FN:331,<impl DataLoader for FrameNetEngine>::load_test_data
FN:335,<impl DataLoader for FrameNetEngine>::reload
FN:343,<impl DataLoader for FrameNetEngine>::data_info
FN:353,FrameNetEngine::load_frames
FN:374,FrameNetEngine::load_lexical_units
FN:395,FrameNetEngine::load_mixed_directory
FN:437,FrameNetEngine::find_lexical_units_for_trait
FN:476,FrameNetEngine::get_frames_for_lexical_units_for_trait
FN:498,<impl SemanticEngine for FrameNetEngine>::analyze
FN:516,<impl SemanticEngine for FrameNetEngine>::name
FN:520,<impl SemanticEngine for FrameNetEngine>::version
FN:524,<impl SemanticEngine for FrameNetEngine>::is_initialized
FN:528,<impl SemanticEngine for FrameNetEngine>::config
FN:534,<impl CachedEngine for FrameNetEngine>::cache_stats
FN:538,<impl CachedEngine for FrameNetEngine>::clear_cache
FN:542,<impl CachedEngine for FrameNetEngine>::set_cache_capacity
FN:548,<impl StatisticsProvider for FrameNetEngine>::statistics
FN:552,<impl StatisticsProvider for FrameNetEngine>::performance_metrics
FN:558,<impl Default for FrameNetEngine>::default
FNF:36
FNDA:48,FrameNetEngine::new
FNDA:51,FrameNetEngine::with_config
FNDA:55,FrameNetEngine::analyze_text
FNDA:53,FrameNetEngine::find_lexical_units
FNDA:53,FrameNetEngine::get_frames_for_lexical_units
FNDA:55,FrameNetEngine::calculate_confidence
FNDA:16,FrameNetEngine::build_indices
FNDA:53,FrameNetEngine::update_performance_metrics
FNDA:2,FrameNetEngine::get_frame
FNDA:3,FrameNetEngine::get_frame_by_name
FNDA:2,FrameNetEngine::get_lexical_unit
FNDA:6,FrameNetEngine::get_all_frames
FNDA:6,FrameNetEngine::get_all_lexical_units
FNDA:4,FrameNetEngine::search_frames
FNDA:3,FrameNetEngine::search_lexical_units
FNDA:9,FrameNetEngine::is_loaded
FNDA:17,<impl DataLoader for FrameNetEngine>::load_from_directory
FNDA:0,<impl DataLoader for FrameNetEngine>::load_test_data
FNDA:0,<impl DataLoader for FrameNetEngine>::reload
FNDA:0,<impl DataLoader for FrameNetEngine>::data_info
FNDA:15,FrameNetEngine::load_frames
FNDA:14,FrameNetEngine::load_lexical_units
FNDA:2,FrameNetEngine::load_mixed_directory
FNDA:0,FrameNetEngine::find_lexical_units_for_trait
FNDA:0,FrameNetEngine::get_frames_for_lexical_units_for_trait
FNDA:0,<impl SemanticEngine for FrameNetEngine>::analyze
FNDA:0,<impl SemanticEngine for FrameNetEngine>::name
FNDA:0,<impl SemanticEngine for FrameNetEngine>::version
FNDA:4,<impl SemanticEngine for FrameNetEngine>::is_initialized
FNDA:0,<impl SemanticEngine for FrameNetEngine>::config
FNDA:0,<impl CachedEngine for FrameNetEngine>::cache_stats
FNDA:0,<impl CachedEngine for FrameNetEngine>::clear_cache
FNDA:0,<impl CachedEngine for FrameNetEngine>::set_cache_capacity
FNDA:3,<impl StatisticsProvider for FrameNetEngine>::statistics
FNDA:0,<impl StatisticsProvider for FrameNetEngine>::performance_metrics
FNDA:0,<impl Default for FrameNetEngine>::default
DA:44,48
DA:45,96
DA:49,51
DA:50,153
DA:53,102
DA:54,102
DA:55,102
DA:56,102
DA:59,102
DA:68,102
DA:69,102
DA:74,55
DA:75,110
DA:76,55
DA:79,55
DA:80,165
DA:81,112
DA:88,53
DA:91,53
DA:92,53
DA:101,53
DA:102,212
DA:103,212
DA:109,0
DA:110,0
DA:116,53
DA:117,106
DA:118,159
DA:121,39971
DA:123,61
DA:124,21
DA:132,265
DA:133,179
DA:135,40101
DA:139,122
DA:140,42
DA:142,128
DA:143,0
DA:151,53
DA:155,53
DA:156,106
DA:157,106
DA:159,95
DA:161,34
DA:168,53
DA:172,55
DA:173,190
DA:174,40
DA:178,0
DA:179,11
DA:180,12
DA:181,0
DA:182,1
DA:187,22
DA:189,66
DA:191,66
DA:192,22
DA:200,16
DA:202,32
DA:203,4948
DA:208,32
DA:209,54370
DA:216,27177
DA:217,27177
DA:218,81531
DA:219,108708
DA:221,54354
DA:227,16
DA:228,16
DA:229,32
DA:230,4948
DA:231,16
DA:233,16
DA:238,53
DA:240,106
DA:241,53
DA:242,53
DA:244,159
DA:248,2
DA:249,6
DA:253,3
DA:254,9
DA:255,9
DA:259,2
DA:260,6
DA:264,6
DA:265,18
DA:269,6
DA:270,18
DA:274,4
DA:275,12
DA:276,8
DA:277,1230
DA:278,2452
DA:279,1217
DA:285,3
DA:286,9
DA:287,6
DA:288,13581
DA:289,27156
DA:290,13556
DA:296,9
DA:297,14
DA:302,17
DA:303,51
DA:304,17
DA:307,51
DA:308,17
DA:309,45
DA:313,17
DA:314,0
DA:315,42
DA:319,19
DA:320,3
DA:323,16
DA:325,0
DA:326,0
DA:328,0
DA:331,0
DA:332,0
DA:335,0
DA:336,0
DA:337,0
DA:338,0
DA:339,0
DA:340,0
DA:343,0
DA:345,0
DA:346,0
DA:353,15
DA:354,30
DA:358,60
DA:361,0
DA:363,0
DA:365,4943
DA:366,0
DA:367,0
DA:370,0
DA:374,14
DA:375,28
DA:379,56
DA:382,0
DA:384,0
DA:386,54362
DA:387,0
DA:388,0
DA:391,0
DA:395,2
DA:396,6
DA:399,8
DA:400,5
DA:403,0
DA:405,11
DA:406,15
DA:407,0
DA:410,0
DA:412,10
DA:414,12
DA:415,0
DA:416,0
DA:417,0
DA:422,6
DA:423,3
DA:424,0
DA:425,0
DA:427,0
DA:428,0
DA:434,1
DA:437,0
DA:438,0
DA:439,0
DA:442,0
DA:443,0
DA:444,0
DA:445,0
DA:446,0
DA:453,0
DA:454,0
DA:455,0
DA:456,0
DA:458,0
DA:459,0
DA:460,0
DA:461,0
DA:463,0
DA:464,0
DA:472,0
DA:476,0
DA:477,0
DA:478,0
DA:480,0
DA:481,0
DA:482,0
DA:483,0
DA:484,0
DA:489,0
DA:498,0
DA:499,0
DA:502,0
DA:503,0
DA:506,0
DA:509,0
DA:511,0
DA:513,0
DA:516,0
DA:517,0
DA:520,0
DA:521,0
DA:524,4
DA:525,6
DA:528,0
DA:529,0
DA:534,0
DA:535,0
DA:538,0
DA:542,0
DA:543,0
DA:548,3
DA:549,6
DA:552,0
DA:553,0
DA:558,0
DA:559,0
LF:223
LH:132
end_of_record
TN:
SF:/Users/gabe/projects/canopy/crates/canopy-framenet/src/lib.rs
FN:63,utils::frame_has_element
FN:68,utils::get_core_elements
FN:75,utils::filter_lus_by_frame
FN:82,utils::extract_base_word
FN:87,utils::lu_matches_word
FN:93,utils::most_annotated_lu
FN:99,utils::parse_fe_color
FN:111,utils::frames_are_related
FNF:8
FNDA:3,utils::frame_has_element
FNDA:1,utils::get_core_elements
FNDA:2,utils::filter_lus_by_frame
FNDA:17,utils::extract_base_word
FNDA:9,utils::lu_matches_word
FNDA:1,utils::most_annotated_lu
FNDA:17,utils::parse_fe_color
FNDA:4,utils::frames_are_related
DA:63,3
DA:64,18
DA:68,1
DA:69,1
DA:70,7
DA:75,2
DA:76,4
DA:77,14
DA:82,17
DA:83,51
DA:87,9
DA:88,27
DA:89,27
DA:93,1
DA:94,2
DA:95,1
DA:99,17
DA:100,17
DA:101,48
DA:102,12
DA:103,11
DA:106,5
DA:111,4
DA:112,18
DA:113,3
LF:25
LH:25
end_of_record
TN:
SF:/Users/gabe/projects/canopy/crates/canopy-framenet/src/parser.rs
FN:18,<impl XmlResource for Frame>::parse_xml
FN:102,<impl XmlResource for Frame>::root_element
FN:108,<impl XmlResource for LexicalUnit>::parse_xml
FN:210,<impl XmlResource for LexicalUnit>::root_element
FN:216,parse_frame_element
FN:308,parse_semantic_type
FN:323,parse_frame_relation
FN:342,parse_fe_relation
FN:361,parse_lexical_unit_ref
FN:378,parse_lexeme
FN:399,parse_valences
FN:437,parse_valence_pattern
FN:491,parse_fe_realization
FN:544,get_attribute
FN:561,extract_text_content
FN:596,skip_element
FN:631,clean_definition
FNF:17
FNDA:2537,<impl XmlResource for Frame>::parse_xml
FNDA:2,<impl XmlResource for Frame>::root_element
FNDA:27215,<impl XmlResource for LexicalUnit>::parse_xml
FNDA:2,<impl XmlResource for LexicalUnit>::root_element
FNDA:22966,parse_frame_element
FNDA:9266,parse_semantic_type
FNDA:31760,parse_frame_relation
FNDA:0,parse_fe_relation
FNDA:27293,parse_lexical_unit_ref
FNDA:0,parse_lexeme
FNDA:27158,parse_valences
FNDA:89306,parse_valence_pattern
FNDA:192912,parse_fe_realization
FNDA:1481997,get_attribute
FNDA:52657,extract_text_content
FNDA:571251,skip_element
FNDA:25460,clean_definition
DA:18,2537
DA:19,5074
DA:21,5074
DA:22,5074
DA:25,5074
DA:26,5074
DA:27,2537
DA:28,2537
DA:32,0
DA:33,589461
DA:34,90091
DA:35,0
DA:36,0
DA:38,7594
DA:39,0
DA:41,7593
DA:42,0
DA:43,0
DA:45,7511
DA:46,0
DA:48,7511
DA:49,0
DA:52,87559
DA:53,12500
DA:55,0
DA:57,85059
DA:58,45932
DA:59,114830
DA:60,0
DA:62,62093
DA:63,63520
DA:64,158800
DA:65,0
DA:67,30329
DA:68,54586
DA:69,136465
DA:70,0
DA:72,0
DA:74,3040
DA:78,13630
DA:79,2520
DA:81,7
DA:82,1
DA:83,2
DA:85,103868
DA:87,193950
DA:91,2527
DA:92,14
DA:94,0
DA:95,6
DA:98,0
DA:99,0
DA:102,2
DA:103,2
DA:108,27215
DA:109,54430
DA:111,54430
DA:112,54430
DA:113,54430
DA:114,54430
DA:115,54430
DA:116,54430
DA:118,54430
DA:119,54430
DA:120,27215
DA:121,27215
DA:125,0
DA:126,10325210
DA:127,3
DA:129,443176
DA:130,718285
DA:131,718285
DA:132,0
DA:134,81641
DA:135,0
DA:137,81642
DA:138,0
DA:139,0
DA:141,81618
DA:142,0
DA:144,81616
DA:145,0
DA:147,81615
DA:148,0
DA:150,81615
DA:151,0
DA:153,81618
DA:154,0
DA:157,688820
DA:158,135955
DA:160,661629
DA:162,146685
DA:163,146685
DA:164,154525
DA:165,154525
DA:173,88011
DA:176,29350
DA:177,117296
DA:180,582875
DA:181,108632
DA:183,512589
DA:185,765672
DA:187,0
DA:188,415966
DA:192,913563
DA:193,27211
DA:195,2
DA:196,1319543
DA:198,2037827
DA:202,27213
DA:203,8
DA:206,0
DA:207,0
DA:210,2
DA:211,2
DA:216,22966
DA:222,45932
DA:223,45932
DA:224,45932
DA:230,45932
DA:231,22966
DA:232,22966
DA:236,68896
DA:237,0
DA:239,68898
DA:240,0
DA:242,68864
DA:243,0
DA:245,68897
DA:246,0
DA:247,7095
DA:248,25923
DA:249,11386
DA:250,248
DA:253,68808
DA:254,0
DA:256,68808
DA:257,0
DA:259,68804
DA:260,0
DA:262,68804
DA:263,0
DA:267,0
DA:268,341301
DA:269,33354
DA:270,0
DA:271,0
DA:272,114830
DA:273,0
DA:275,9268
DA:276,18532
DA:277,46330
DA:278,0
DA:280,0
DA:281,0
DA:282,0
DA:283,0
DA:285,0
DA:286,1122
DA:290,71129
DA:291,22963
DA:293,0
DA:294,0
DA:296,1
DA:297,2
DA:299,57449
DA:301,90801
DA:304,22963
DA:308,9266
DA:313,46330
DA:314,46330
DA:317,37065
DA:319,9265
DA:323,31760
DA:328,158800
DA:329,158800
DA:330,158800
DA:332,127040
DA:334,31760
DA:335,31760
DA:336,31760
DA:337,31760
DA:342,0
DA:347,0
DA:348,0
DA:349,0
DA:351,0
DA:353,0
DA:354,0
DA:355,0
DA:356,0
DA:361,27293
DA:366,136465
DA:367,136465
DA:368,136465
DA:369,136465
DA:371,109172
DA:373,27293
DA:378,0
DA:383,0
DA:384,0
DA:385,0
DA:386,0
DA:388,0
DA:390,0
DA:391,0
DA:392,0
DA:393,0
DA:394,0
DA:399,27158
DA:403,54316
DA:405,0
DA:406,15795324
DA:407,1660875
DA:408,0
DA:409,0
DA:410,178612
DA:411,446530
DA:412,0
DA:414,0
DA:415,1571569
DA:419,3224609
DA:420,27157
DA:422,0
DA:423,0
DA:425,0
DA:426,0
DA:428,3577076
DA:430,5237950
DA:433,27157
DA:437,89306
DA:442,357224
DA:443,267916
DA:446,178612
DA:447,178612
DA:449,0
DA:450,2229093
DA:451,282206
DA:452,0
DA:453,0
DA:454,267882
DA:455,0
DA:457,357176
DA:459,192912
DA:460,385824
DA:461,964560
DA:462,0
DA:464,0
DA:465,0
DA:469,267915
DA:470,89305
DA:472,0
DA:473,2
DA:475,0
DA:476,0
DA:478,371519
DA:480,653725
DA:483,89305
DA:484,178610
DA:485,89305
DA:486,89305
DA:491,192912
DA:496,771648
DA:497,578728
DA:500,385824
DA:501,385824
DA:504,0
DA:505,10479645
DA:506,1100083
DA:507,0
DA:508,0
DA:509,578688
DA:510,0
DA:512,578688
DA:513,0
DA:515,771584
DA:517,0
DA:518,907187
DA:522,2393110
DA:523,192912
DA:525,0
DA:526,0
DA:528,0
DA:529,0
DA:531,2200220
DA:533,3300303
DA:536,192912
DA:537,385824
DA:538,192912
DA:539,192912
DA:544,1481997
DA:545,1481997
DA:547,4700771
DA:548,6437542
DA:550,4100715
DA:552,1851863
DA:555,6
DA:561,52657
DA:566,105314
DA:568,0
DA:569,315936
DA:570,52653
DA:571,210612
DA:572,3
DA:574,0
DA:576,157950
DA:577,0
DA:579,0
DA:580,8
DA:581,4
DA:584,2
DA:585,4
DA:587,3
DA:589,52655
DA:592,0
DA:596,571251
DA:601,1142502
DA:603,0
DA:604,190471530
DA:605,39262988
DA:606,0
DA:608,41547988
DA:609,571250
DA:610,571250
DA:611,571250
DA:614,0
DA:615,2
DA:616,1
DA:619,0
DA:620,0
DA:622,62919259
DA:624,62919259
DA:627,0
DA:631,25460
DA:632,432820
LF:335
LH:226
end_of_record
TN:
SF:/Users/gabe/projects/canopy/crates/canopy-framenet/src/types.rs
FN:261,<impl Default for FrameNetConfig>::default
FN:277,Frame::core_elements
FN:284,Frame::peripheral_elements
FN:291,Frame::extra_thematic_elements
FN:298,Frame::has_frame_element
FN:303,Frame::get_frame_element
FN:310,FrameElement::has_semantic_type
FN:315,FrameElement::is_core
FN:320,FrameElement::is_peripheral
FN:325,FrameElement::is_extra_thematic
FN:332,LexicalUnit::primary_lexeme
FN:338,LexicalUnit::get_valences_for_fe
FN:345,LexicalUnit::belongs_to_frame
FN:352,FrameNetAnalysis::new
FN:363,FrameNetAnalysis::primary_frame
FN:368,FrameNetAnalysis::all_frame_elements
FN:375,FrameNetAnalysis::core_frame_elements
FNF:17
FNDA:52,<impl Default for FrameNetConfig>::default
FNDA:7,Frame::core_elements
FNDA:1,Frame::peripheral_elements
FNDA:0,Frame::extra_thematic_elements
FNDA:8,Frame::has_frame_element
FNDA:1,Frame::get_frame_element
FNDA:0,FrameElement::has_semantic_type
FNDA:8,FrameElement::is_core
FNDA:6,FrameElement::is_peripheral
FNDA:5,FrameElement::is_extra_thematic
FNDA:0,LexicalUnit::primary_lexeme
FNDA:0,LexicalUnit::get_valences_for_fe
FNDA:1,LexicalUnit::belongs_to_frame
FNDA:54,FrameNetAnalysis::new
FNDA:1,FrameNetAnalysis::primary_frame
FNDA:0,FrameNetAnalysis::all_frame_elements
FNDA:0,FrameNetAnalysis::core_frame_elements
DA:261,52
DA:263,156
DA:264,104
DA:268,52
DA:277,7
DA:278,7
DA:279,115
DA:284,1
DA:285,1
DA:286,7
DA:291,0
DA:292,0
DA:293,0
DA:298,8
DA:299,44
DA:303,1
DA:304,4
DA:310,0
DA:311,0
DA:315,8
DA:316,8
DA:320,6
DA:321,6
DA:325,5
DA:326,5
DA:332,0
DA:333,0
DA:334,0
DA:338,0
DA:339,0
DA:340,0
DA:345,1
DA:346,1
DA:352,54
DA:356,108
DA:357,54
DA:363,1
DA:364,1
DA:368,0
DA:369,0
DA:370,0
DA:375,0
DA:376,0
DA:377,0
LF:44
LH:27
end_of_record
TN:
SF:/Users/gabe/projects/canopy/crates/canopy-lexicon/src/engine.rs
FN:37,<impl Default for LexiconConfig>::default
FN:61,LexiconEngine::new
FN:75,LexiconEngine::load_data
FN:107,LexiconEngine::analyze_word
FN:154,LexiconEngine::is_stop_word
FN:160,LexiconEngine::is_negation
FN:166,LexiconEngine::is_discourse_marker
FN:172,LexiconEngine::get_words_by_type
FN:193,LexiconEngine::analyze_text
FN:212,LexiconEngine::get_semantic_weight
FN:234,<impl SemanticEngine for LexiconEngine>::analyze
FN:253,<impl SemanticEngine for LexiconEngine>::name
FN:257,<impl SemanticEngine for LexiconEngine>::version
FN:261,<impl SemanticEngine for LexiconEngine>::is_initialized
FN:265,<impl SemanticEngine for LexiconEngine>::config
FN:271,<impl CachedEngine for LexiconEngine>::clear_cache
FN:275,<impl CachedEngine for LexiconEngine>::cache_stats
FN:279,<impl CachedEngine for LexiconEngine>::set_cache_capacity
FN:286,<impl StatisticsProvider for LexiconEngine>::statistics
FN:290,<impl StatisticsProvider for LexiconEngine>::performance_metrics
FN:296,<impl DataLoader for LexiconEngine>::load_from_directory
FN:301,<impl DataLoader for LexiconEngine>::load_test_data
FN:306,<impl DataLoader for LexiconEngine>::reload
FN:311,<impl DataLoader for LexiconEngine>::data_info
FN:327,LexiconEngine::analyze_negation_scope
FN:345,LexiconEngine::extract_discourse_structure
FN:364,LexiconEngine::filter_stop_words
FN:377,LexiconEngine::get_intensifier_strength
FN:391,<impl Default for LexiconEngine>::default
FNF:29
FNDA:39,<impl Default for LexiconConfig>::default
FNDA:38,LexiconEngine::new
FNDA:25,LexiconEngine::load_data
FNDA:111,LexiconEngine::analyze_word
FNDA:27,LexiconEngine::is_stop_word
FNDA:27,LexiconEngine::is_negation
FNDA:9,LexiconEngine::is_discourse_marker
FNDA:4,LexiconEngine::get_words_by_type
FNDA:1,LexiconEngine::analyze_text
FNDA:2,LexiconEngine::get_semantic_weight
FNDA:2,<impl SemanticEngine for LexiconEngine>::analyze
FNDA:11,<impl SemanticEngine for LexiconEngine>::name
FNDA:2,<impl SemanticEngine for LexiconEngine>::version
FNDA:7,<impl SemanticEngine for LexiconEngine>::is_initialized
FNDA:0,<impl SemanticEngine for LexiconEngine>::config
FNDA:1,<impl CachedEngine for LexiconEngine>::clear_cache
FNDA:4,<impl CachedEngine for LexiconEngine>::cache_stats
FNDA:0,<impl CachedEngine for LexiconEngine>::set_cache_capacity
FNDA:4,<impl StatisticsProvider for LexiconEngine>::statistics
FNDA:1,<impl StatisticsProvider for LexiconEngine>::performance_metrics
FNDA:2,<impl DataLoader for LexiconEngine>::load_from_directory
FNDA:1,<impl DataLoader for LexiconEngine>::load_test_data
FNDA:1,<impl DataLoader for LexiconEngine>::reload
FNDA:2,<impl DataLoader for LexiconEngine>::data_info
FNDA:1,LexiconEngine::analyze_negation_scope
FNDA:1,LexiconEngine::extract_discourse_structure
FNDA:1,LexiconEngine::filter_stop_words
FNDA:2,LexiconEngine::get_intensifier_strength
FNDA:0,<impl Default for LexiconEngine>::default
DA:37,39
DA:39,78
DA:40,39
DA:61,38
DA:62,76
DA:66,114
DA:67,114
DA:68,76
DA:75,25
DA:76,50
DA:78,75
DA:79,25
DA:80,3
DA:81,3
DA:82,3
DA:86,44
DA:87,88
DA:88,0
DA:90,22
DA:96,0
DA:97,0
DA:107,111
DA:108,111
DA:109,47
DA:112,192
DA:115,64
DA:116,134
DA:121,58
DA:128,57
DA:129,171
DA:133,52
DA:134,8
DA:146,58
DA:147,232
DA:154,27
DA:155,108
DA:160,27
DA:161,108
DA:166,9
DA:167,36
DA:168,0
DA:172,4
DA:173,4
DA:174,0
DA:177,8
DA:178,12
DA:180,12
DA:181,24
DA:182,0
DA:183,0
DA:187,4
DA:188,8
DA:189,4
DA:193,1
DA:194,5
DA:195,2
DA:197,19
DA:199,67
DA:200,9
DA:201,18
DA:202,3
DA:203,6
DA:208,1
DA:212,2
DA:213,8
DA:215,0
DA:216,1
DA:220,0
DA:222,2
DA:225,0
DA:234,2
DA:235,4
DA:236,8
DA:240,2
DA:242,0
DA:253,11
DA:254,11
DA:257,2
DA:258,2
DA:261,7
DA:262,7
DA:265,0
DA:266,0
DA:271,1
DA:272,2
DA:275,4
DA:276,8
DA:279,0
DA:280,0
DA:286,4
DA:287,8
DA:290,1
DA:291,2
DA:296,2
DA:297,6
DA:298,4
DA:301,1
DA:303,2
DA:306,1
DA:307,1
DA:308,2
DA:311,2
DA:312,2
DA:313,2
DA:315,2
DA:316,1
DA:319,1
DA:327,1
DA:328,2
DA:329,5
DA:331,9
DA:332,51
DA:333,23
DA:335,12
DA:336,8
DA:337,10
DA:341,1
DA:345,1
DA:346,2
DA:347,5
DA:349,25
DA:350,90
DA:351,48
DA:353,2
DA:354,0
DA:355,0
DA:360,1
DA:364,1
DA:365,2
DA:367,13
DA:368,21
DA:369,3
DA:373,1
DA:377,2
DA:378,8
DA:380,2
DA:381,0
DA:382,0
DA:386,2
DA:391,0
DA:392,0
LF:141
LH:120
end_of_record
TN:
SF:/Users/gabe/projects/canopy/crates/canopy-lexicon/src/parser.rs
FN:23,<impl XmlResource for LexiconXmlResource>::parse_xml
FN:239,<impl XmlResource for LexiconXmlResource>::validate
FN:257,<impl XmlResource for LexiconXmlResource>::root_element
FN:263,parse_text_content
FN:298,parse_word_class_start
FN:345,parse_property
FN:401,parse_pattern_start
FNF:7
FNDA:56,<impl XmlResource for LexiconXmlResource>::parse_xml
FNDA:27,<impl XmlResource for LexiconXmlResource>::validate
FNDA:0,<impl XmlResource for LexiconXmlResource>::root_element
FNDA:891,parse_text_content
FNDA:128,parse_word_class_start
FNDA:54,parse_property
FNDA:31,parse_pattern_start
DA:23,56
DA:24,112
DA:25,112
DA:26,168
DA:27,168
DA:28,168
DA:29,112
DA:30,112
DA:31,112
DA:32,112
DA:33,112
DA:34,112
DA:35,112
DA:37,0
DA:38,12684
DA:39,1490
DA:40,0
DA:41,0
DA:43,275
DA:44,495
DA:45,0
DA:48,0
DA:49,0
DA:50,165
DA:51,55
DA:53,110
DA:54,165
DA:55,55
DA:57,55
DA:61,1311
DA:62,54
DA:64,1146
DA:65,270
DA:67,935
DA:68,270
DA:70,54
DA:71,270
DA:73,723
DA:74,270
DA:76,54
DA:77,270
DA:79,670
DA:80,55
DA:82,688
DA:83,128
DA:84,384
DA:86,158
DA:87,316
DA:88,158
DA:91,78
DA:94,54
DA:95,108
DA:96,0
DA:99,252
DA:100,126
DA:102,786
DA:104,786
DA:105,786
DA:106,786
DA:107,786
DA:109,1216
DA:110,1290
DA:111,0
DA:113,0
DA:114,0
DA:115,1173
DA:116,391
DA:117,0
DA:119,39
DA:120,51
DA:121,17
DA:122,0
DA:123,0
DA:125,22
DA:126,39
DA:127,13
DA:128,0
DA:129,0
DA:131,9
DA:132,27
DA:133,9
DA:134,0
DA:136,0
DA:141,786
DA:144,0
DA:152,393
DA:153,0
DA:156,52
DA:157,26
DA:159,31
DA:160,31
DA:161,93
DA:163,31
DA:164,62
DA:165,31
DA:168,0
DA:169,0
DA:170,0
DA:173,62
DA:174,62
DA:175,31
DA:177,39
DA:178,195
DA:179,0
DA:181,0
DA:184,596
DA:185,596
DA:186,650
DA:187,54
DA:189,485
DA:190,54
DA:192,377
DA:193,254
DA:194,0
DA:196,127
DA:198,337
DA:199,126
DA:201,26
DA:202,26
DA:204,85
DA:205,31
DA:206,124
DA:208,0
DA:209,31
DA:210,0
DA:211,0
DA:213,0
DA:214,0
DA:218,31
DA:220,31
DA:221,31
DA:223,147
DA:226,54
DA:227,3
DA:228,2087
DA:230,4172
DA:234,108
DA:236,54
DA:239,27
DA:240,54
DA:241,0
DA:245,207
DA:246,142
DA:249,0
DA:257,0
DA:258,0
DA:263,891
DA:268,1782
DA:270,0
DA:271,5346
DA:272,891
DA:273,3564
DA:274,0
DA:276,0
DA:278,2673
DA:279,0
DA:281,0
DA:282,0
DA:283,0
DA:286,0
DA:287,0
DA:289,0
DA:291,891
DA:294,0
DA:298,128
DA:299,256
DA:300,256
DA:301,256
DA:302,256
DA:304,766
DA:305,1530
DA:306,0
DA:311,384
DA:312,128
DA:314,382
DA:315,381
DA:316,127
DA:319,384
DA:320,128
DA:322,4
DA:324,127
DA:325,381
DA:326,127
DA:328,0
DA:330,0
DA:334,127
DA:335,0
DA:345,54
DA:346,108
DA:347,108
DA:348,108
DA:350,270
DA:351,486
DA:352,0
DA:357,162
DA:358,54
DA:360,54
DA:361,162
DA:362,54
DA:365,162
DA:366,54
DA:368,0
DA:372,54
DA:373,0
DA:376,54
DA:378,0
DA:379,0
DA:382,54
DA:383,0
DA:384,0
DA:387,54
DA:388,80
DA:389,40
DA:392,14
DA:401,31
DA:402,62
DA:403,62
DA:404,62
DA:406,155
DA:407,279
DA:408,0
DA:413,93
DA:414,31
DA:416,62
DA:417,93
DA:418,31
DA:420,0
DA:422,31
DA:423,93
DA:424,31
DA:426,0
DA:428,0
DA:432,31
DA:433,0
LF:234
LH:173
end_of_record
TN:
SF:/Users/gabe/projects/canopy/crates/canopy-lexicon/src/types.rs
FN:43,WordClassType::as_str
FN:62,WordClassType::parse_str
FN:99,PatternType::as_str
FN:110,PatternType::parse_str
FN:133,PropertyValue::as_string
FN:141,PropertyValue::as_bool
FN:149,PropertyValue::as_int
FN:157,PropertyValue::as_float
FN:184,LexiconWord::new
FN:196,LexiconWord::matches
FN:230,<impl Serialize for LexiconPattern>::serialize
FN:247,<impl Deserialize for LexiconPattern>::deserialize
FN:270,<impl Deserialize for LexiconPattern>::deserialize::<impl Visitor for LexiconPatternVisitor>::expecting
FN:274,<impl Deserialize for LexiconPattern>::deserialize::<impl Visitor for LexiconPatternVisitor>::visit_map
FN:355,LexiconPattern::new
FN:375,LexiconPattern::matches
FN:380,LexiconPattern::extract_match
FN:408,WordClass::new
FN:427,WordClass::contains_word
FN:432,WordClass::matches_pattern
FN:437,WordClass::get_property
FN:442,WordClass::is_stop_words
FN:447,WordClass::modifies_polarity
FN:452,WordClass::provides_discourse_structure
FN:481,LexiconDatabase::new
FN:497,LexiconDatabase::build_indices
FN:528,LexiconDatabase::classify_word
FN:563,LexiconDatabase::analyze_patterns
FN:592,LexiconDatabase::get_classes_by_type
FN:601,LexiconDatabase::get_class_priority
FN:610,LexiconDatabase::stats
FN:629,<impl Default for LexiconDatabase>::default
FN:670,WordClassification::is_negation
FN:675,WordClassification::is_stop_word
FN:680,WordClassification::is_discourse_marker
FN:685,WordClassification::is_quantifier
FN:690,WordClassification::semantic_weight
FN:735,LexiconAnalysis::new
FN:745,LexiconAnalysis::has_results
FN:750,LexiconAnalysis::get_negations
FN:755,LexiconAnalysis::get_stop_words
FN:760,LexiconAnalysis::get_discourse_markers
FN:765,LexiconAnalysis::calculate_confidence
FNF:43
FNDA:13,WordClassType::as_str
FNDA:143,WordClassType::parse_str
FNDA:5,PatternType::as_str
FNDA:37,PatternType::parse_str
FNDA:4,PropertyValue::as_string
FNDA:4,PropertyValue::as_bool
FNDA:4,PropertyValue::as_int
FNDA:4,PropertyValue::as_float
FNDA:5,LexiconWord::new
FNDA:13,LexiconWord::matches
FNDA:0,<impl Serialize for LexiconPattern>::serialize
FNDA:0,<impl Deserialize for LexiconPattern>::deserialize
FNDA:0,<impl Deserialize for LexiconPattern>::deserialize::<impl Visitor for LexiconPatternVisitor>::expecting
FNDA:0,<impl Deserialize for LexiconPattern>::deserialize::<impl Visitor for LexiconPatternVisitor>::visit_map
FNDA:35,LexiconPattern::new
FNDA:64,LexiconPattern::matches
FNDA:8,LexiconPattern::extract_match
FNDA:129,WordClass::new
FNDA:3,WordClass::contains_word
FNDA:2,WordClass::matches_pattern
FNDA:2,WordClass::get_property
FNDA:1,WordClass::is_stop_words
FNDA:1,WordClass::modifies_polarity
FNDA:1,WordClass::provides_discourse_structure
FNDA:96,LexiconDatabase::new
FNDA:55,LexiconDatabase::build_indices
FNDA:59,LexiconDatabase::classify_word
FNDA:58,LexiconDatabase::analyze_patterns
FNDA:4,LexiconDatabase::get_classes_by_type
FNDA:0,LexiconDatabase::get_class_priority
FNDA:45,LexiconDatabase::stats
FNDA:1,<impl Default for LexiconDatabase>::default
FNDA:10,WordClassification::is_negation
FNDA:13,WordClassification::is_stop_word
FNDA:10,WordClassification::is_discourse_marker
FNDA:1,WordClassification::is_quantifier
FNDA:3,WordClassification::semantic_weight
FNDA:60,LexiconAnalysis::new
FNDA:15,LexiconAnalysis::has_results
FNDA:14,LexiconAnalysis::get_negations
FNDA:14,LexiconAnalysis::get_stop_words
FNDA:18,LexiconAnalysis::get_discourse_markers
FNDA:60,LexiconAnalysis::calculate_confidence
DA:43,13
DA:44,13
DA:45,1
DA:46,1
DA:47,1
DA:48,1
DA:49,1
DA:50,1
DA:51,1
DA:52,1
DA:53,1
DA:54,1
DA:55,1
DA:56,1
DA:57,1
DA:62,143
DA:63,143
DA:64,185
DA:65,138
DA:66,83
DA:67,64
DA:68,28
DA:69,26
DA:70,24
DA:71,22
DA:72,20
DA:73,18
DA:74,16
DA:75,14
DA:76,17
DA:77,3
DA:99,5
DA:100,5
DA:101,1
DA:102,1
DA:103,1
DA:104,1
DA:105,1
DA:110,37
DA:111,37
DA:112,63
DA:113,14
DA:114,10
DA:115,8
DA:116,7
DA:117,1
DA:133,4
DA:134,4
DA:135,1
DA:136,3
DA:141,4
DA:142,4
DA:143,1
DA:144,3
DA:149,4
DA:150,4
DA:151,1
DA:152,3
DA:157,4
DA:158,4
DA:159,1
DA:160,3
DA:184,5
DA:187,10
DA:196,13
DA:197,39
DA:198,26
DA:200,13
DA:201,5
DA:204,6
DA:205,6
DA:230,0
DA:235,0
DA:236,0
DA:237,0
DA:238,0
DA:239,0
DA:240,0
DA:241,0
DA:242,0
DA:247,0
DA:267,0
DA:270,0
DA:271,0
DA:274,0
DA:278,0
DA:279,0
DA:280,0
DA:281,0
DA:282,0
DA:283,0
DA:285,0
DA:286,0
DA:287,0
DA:288,0
DA:289,0
DA:291,0
DA:293,0
DA:294,0
DA:295,0
DA:297,0
DA:299,0
DA:300,0
DA:301,0
DA:303,0
DA:305,0
DA:306,0
DA:307,0
DA:309,0
DA:311,0
DA:312,0
DA:313,0
DA:315,0
DA:317,0
DA:318,0
DA:319,0
DA:321,0
DA:326,0
DA:327,0
DA:328,0
DA:329,0
DA:330,0
DA:331,0
DA:333,0
DA:334,0
DA:336,0
DA:337,0
DA:338,0
DA:339,0
DA:340,0
DA:341,0
DA:342,0
DA:343,0
DA:349,0
DA:355,35
DA:361,105
DA:375,64
DA:376,192
DA:380,8
DA:381,46
DA:408,129
DA:420,258
DA:421,129
DA:422,129
DA:427,3
DA:428,21
DA:432,2
DA:433,12
DA:437,2
DA:438,6
DA:442,1
DA:443,2
DA:447,1
DA:448,1
DA:452,1
DA:453,2
DA:481,96
DA:483,192
DA:484,192
DA:485,288
DA:486,288
DA:487,192
DA:488,192
DA:489,192
DA:490,192
DA:491,96
DA:492,96
DA:497,55
DA:498,110
DA:499,110
DA:501,238
DA:509,395
DA:517,397
DA:528,59
DA:529,177
DA:530,118
DA:532,145
DA:533,81
DA:534,27
DA:535,27
DA:553,118
DA:554,0
DA:555,0
DA:556,0
DA:559,59
DA:563,58
DA:564,116
DA:566,484
DA:567,329
DA:569,15
DA:586,116
DA:588,58
DA:592,4
DA:593,12
DA:594,12
DA:596,0
DA:601,0
DA:602,0
DA:604,0
DA:605,0
DA:610,45
DA:611,465
DA:612,465
DA:614,90
DA:615,285
DA:620,135
DA:629,1
DA:630,1
DA:670,10
DA:671,12
DA:675,13
DA:676,16
DA:680,10
DA:681,13
DA:685,1
DA:686,2
DA:690,3
DA:691,11
DA:692,0
DA:694,1
DA:735,60
DA:738,60
DA:739,60
DA:745,15
DA:746,22
DA:750,14
DA:751,60
DA:755,14
DA:756,64
DA:760,18
DA:761,72
DA:765,60
DA:766,186
DA:767,29
DA:768,29
LF:235
LH:163
end_of_record
TN:
SF:/Users/gabe/projects/canopy/crates/canopy-lsp/src/diagnostics.rs
FN:14,LinguisticDiagnostics::generate_diagnostics
FN:25,LinguisticDiagnostics::check_theta_violations
FN:32,LinguisticDiagnostics::check_binding_violations
FNF:3
FNDA:14,LinguisticDiagnostics::generate_diagnostics
FNDA:0,LinguisticDiagnostics::check_theta_violations
FNDA:0,LinguisticDiagnostics::check_binding_violations
DA:14,14
DA:20,14
DA:25,0
DA:27,0
DA:32,0
DA:34,0
LF:6
LH:2
end_of_record
TN:
SF:/Users/gabe/projects/canopy/crates/canopy-lsp/src/handlers.rs
FN:13,HoverHandler::handle_hover
FN:28,DiagnosticHandler::handle_diagnostics
FN:72,create_diagnostic
FNF:3
FNDA:0,HoverHandler::handle_hover
FNDA:0,DiagnosticHandler::handle_diagnostics
FNDA:27,create_diagnostic
DA:13,0
DA:28,0
DA:72,27
DA:81,27
LF:4
LH:2
end_of_record
TN:
SF:/Users/gabe/projects/canopy/crates/canopy-lsp/src/lib.rs
FN:51,CanopyLspServerFactory::create_server
FN:63,CanopyLspServerFactory::create_server_with_config
FNF:2
FNDA:99,CanopyLspServerFactory::create_server
FNDA:24,CanopyLspServerFactory::create_server_with_config
DA:51,99
DA:53,198
DA:54,198
DA:57,396
DA:59,99
DA:63,24
DA:67,72
DA:68,72
DA:70,96
DA:72,24
LF:10
LH:10
end_of_record
TN:
SF:/Users/gabe/projects/canopy/crates/canopy-lsp/src/lsp_backend.rs
FN:10,CanopyLspStub::new
FN:15,CanopyLspStub::run
FN:22,CanopyLspStub::analyze_text
FN:29,<impl Default for CanopyLspStub>::default
FNF:4
FNDA:22,CanopyLspStub::new
FNDA:18,CanopyLspStub::run
FNDA:56,CanopyLspStub::analyze_text
FNDA:3,<impl Default for CanopyLspStub>::default
DA:10,22
DA:11,22
DA:15,18
DA:16,18
DA:17,18
DA:18,9
DA:22,56
DA:24,56
DA:29,3
DA:30,3
LF:10
LH:10
end_of_record
TN:
SF:/Users/gabe/projects/canopy/crates/canopy-lsp/src/main.rs
FN:9,main
FNF:1
FNDA:0,main
DA:9,0
DA:11,0
DA:32,0
DA:35,0
DA:38,0
DA:40,0
DA:41,0
DA:44,0
DA:45,0
DA:46,0
DA:47,0
DA:51,0
DA:55,0
DA:56,0
DA:58,0
LF:15
LH:0
end_of_record
TN:
SF:/Users/gabe/projects/canopy/crates/canopy-lsp/src/server.rs
FN:154,<impl Default for ServerConfig>::default
FN:181,<impl Default for ServerStats>::default
FN:197,DefaultCanopyServer<P,S>::new
FN:210,DefaultCanopyServer<P,S>::with_config
FN:223,DefaultCanopyServer<P,S>::process_pipeline
FN:300,<impl CanopyServer for DefaultCanopyServer<P,S>>::process_text
FN:325,<impl CanopyServer for DefaultCanopyServer<P,S>>::health
FNF:7
FNDA:142,<impl Default for ServerConfig>::default
FNDA:143,<impl Default for ServerStats>::default
FNDA:140,DefaultCanopyServer<P,S>::new
FNDA:1,DefaultCanopyServer<P,S>::with_config
FNDA:716,DefaultCanopyServer<P,S>::process_pipeline
FNDA:750,<impl CanopyServer for DefaultCanopyServer<P,S>>::process_text
FNDA:53,<impl CanopyServer for DefaultCanopyServer<P,S>>::health
DA:154,142
DA:159,142
DA:181,143
DA:186,143
DA:197,140
DA:201,280
DA:202,280
DA:210,1
DA:215,2
DA:223,716
DA:224,1432
DA:227,1432
DA:228,3580
DA:229,0
DA:232,0
DA:233,696
DA:234,0
DA:236,0
DA:239,0
DA:240,0
DA:241,0
DA:244,0
DA:246,0
DA:247,0
DA:248,0
DA:249,0
DA:250,0
DA:251,0
DA:253,0
DA:257,0
DA:258,0
DA:259,0
DA:260,0
DA:261,0
DA:262,0
DA:264,0
DA:268,0
DA:269,0
DA:270,0
DA:275,0
DA:280,0
DA:287,0
DA:288,0
DA:289,0
DA:290,0
DA:300,750
DA:301,1500
DA:302,34
DA:303,34
DA:307,0
DA:310,0
DA:313,0
DA:314,716
DA:315,0
DA:316,0
DA:317,21
DA:318,21
DA:322,0
DA:325,53
DA:326,106
DA:329,318
DA:332,318
DA:335,159
DA:337,265
DA:338,0
DA:339,0
DA:340,23
DA:342,30
DA:344,0
DA:346,0
LF:70
LH:29
end_of_record
TN:
SF:/Users/gabe/projects/canopy/crates/canopy-lsp/src/verbnet_test.rs
FN:7,test_verbnet_integration
FNF:1
FNDA:5,test_verbnet_integration
DA:7,5
DA:8,10
DA:11,10
DA:14,25
DA:16,65
DA:21,30
DA:24,0
DA:30,30
DA:36,30
DA:44,0
DA:45,0
DA:51,15
DA:52,10
DA:53,10
DA:54,10
DA:55,10
DA:56,10
DA:57,10
DA:58,10
LF:19
LH:16
end_of_record
TN:
SF:/Users/gabe/projects/canopy/crates/canopy-pipeline/src/api.rs
FN:14,CanopyAnalyzer::new
FNF:1
FNDA:2,CanopyAnalyzer::new
DA:14,2
DA:25,0
LF:2
LH:1
end_of_record
TN:
SF:/Users/gabe/projects/canopy/crates/canopy-pipeline/src/benchmarks.rs
FN:58,run_model_comparison
FNF:1
FNDA:1,run_model_comparison
DA:58,1
LF:1
LH:1
end_of_record
TN:
SF:/Users/gabe/projects/canopy/crates/canopy-pipeline/src/config.rs
FN:27,<impl Default for ModelConfig>::default
FN:50,<impl Default for PerformanceConfig>::default
FN:73,<impl Default for CacheConfig>::default
FN:94,<impl Default for MemoryConfig>::default
FN:115,<impl Default for LoggingConfig>::default
FN:137,<impl Default for AnalysisConfig>::default
FNF:6
FNDA:2,<impl Default for ModelConfig>::default
FNDA:2,<impl Default for PerformanceConfig>::default
FNDA:2,<impl Default for CacheConfig>::default
FNDA:2,<impl Default for MemoryConfig>::default
FNDA:2,<impl Default for LoggingConfig>::default
FNDA:1,<impl Default for AnalysisConfig>::default
DA:27,2
DA:30,6
DA:31,2
DA:50,2
DA:52,4
DA:73,2
DA:76,2
DA:94,2
DA:115,2
DA:117,4
DA:137,1
DA:143,1
LF:12
LH:12
end_of_record
TN:
SF:/Users/gabe/projects/canopy/crates/canopy-pipeline/src/container.rs
FN:43,PipelineContainer::new
FN:61,PipelineContainer::builder
FN:66,PipelineContainer::parser
FN:71,PipelineContainer::analyzer
FN:76,PipelineContainer::extractor
FN:81,PipelineContainer::model_loader
FN:86,PipelineContainer::cache
FN:91,PipelineContainer::metrics
FN:96,PipelineContainer::add_extractor
FN:101,PipelineContainer::set_cache
FN:106,PipelineContainer::set_metrics
FN:111,PipelineContainer::is_ready
FN:116,PipelineContainer::warm_up
FN:140,ContainerBuilder::new
FN:152,ContainerBuilder::with_parser
FN:158,ContainerBuilder::with_analyzer
FN:164,ContainerBuilder::with_extractor
FN:170,ContainerBuilder::with_cache
FN:176,ContainerBuilder::with_metrics
FN:182,ContainerBuilder::with_factory
FN:188,ContainerBuilder::build
FN:239,<impl Default for ContainerBuilder>::default
FN:250,DefaultModelLoader::new
FN:256,DefaultModelLoader::discover_models
FN:299,<impl ModelLoader for DefaultModelLoader>::load_model
FN:311,<impl ModelLoader for DefaultModelLoader>::is_model_available
FN:317,<impl ModelLoader for DefaultModelLoader>::list_models
FN:321,<impl ModelLoader for DefaultModelLoader>::ensure_model
FN:335,<impl Model for DefaultModel>::metadata
FN:339,<impl Model for DefaultModel>::capabilities
FN:360,<impl Model for DefaultModel>::validate
FNF:31
FNDA:42,PipelineContainer::new
FNDA:1,PipelineContainer::builder
FNDA:27,PipelineContainer::parser
FNDA:2,PipelineContainer::analyzer
FNDA:3,PipelineContainer::extractor
FNDA:1,PipelineContainer::model_loader
FNDA:48,PipelineContainer::cache
FNDA:2,PipelineContainer::metrics
FNDA:2,PipelineContainer::add_extractor
FNDA:6,PipelineContainer::set_cache
FNDA:2,PipelineContainer::set_metrics
FNDA:10,PipelineContainer::is_ready
FNDA:4,PipelineContainer::warm_up
FNDA:77,ContainerBuilder::new
FNDA:48,ContainerBuilder::with_parser
FNDA:47,ContainerBuilder::with_analyzer
FNDA:13,ContainerBuilder::with_extractor
FNDA:14,ContainerBuilder::with_cache
FNDA:9,ContainerBuilder::with_metrics
FNDA:38,ContainerBuilder::with_factory
FNDA:76,ContainerBuilder::build
FNDA:3,<impl Default for ContainerBuilder>::default
FNDA:33,DefaultModelLoader::new
FNDA:33,DefaultModelLoader::discover_models
FNDA:0,<impl ModelLoader for DefaultModelLoader>::load_model
FNDA:0,<impl ModelLoader for DefaultModelLoader>::is_model_available
FNDA:0,<impl ModelLoader for DefaultModelLoader>::list_models
FNDA:0,<impl ModelLoader for DefaultModelLoader>::ensure_model
FNDA:0,<impl Model for DefaultModel>::metadata
FNDA:0,<impl Model for DefaultModel>::capabilities
FNDA:0,<impl Model for DefaultModel>::validate
DA:43,42
DA:52,84
DA:61,1
DA:62,1
DA:66,27
DA:67,27
DA:71,2
DA:72,2
DA:76,3
DA:77,9
DA:81,1
DA:82,1
DA:86,48
DA:87,96
DA:91,2
DA:92,4
DA:96,2
DA:97,8
DA:101,6
DA:102,12
DA:106,2
DA:107,4
DA:111,10
DA:112,17
DA:116,4
DA:121,2
DA:122,1
DA:125,1
DA:140,77
DA:144,154
DA:152,48
DA:153,96
DA:154,48
DA:158,47
DA:159,94
DA:160,47
DA:164,13
DA:165,39
DA:166,13
DA:170,14
DA:171,28
DA:172,14
DA:176,9
DA:177,18
DA:178,9
DA:182,38
DA:183,76
DA:184,38
DA:188,76
DA:189,114
DA:190,1
DA:194,37
DA:195,1
DA:197,36
DA:200,35
DA:201,1
DA:203,34
DA:206,0
DA:210,0
DA:211,0
DA:212,0
DA:213,0
DA:217,38
DA:218,6
DA:219,0
DA:223,38
DA:224,6
DA:225,0
DA:229,33
DA:230,2
DA:231,0
DA:234,30
DA:239,3
DA:240,3
DA:250,33
DA:252,33
DA:256,33
DA:257,66
DA:260,33
DA:263,99
DA:264,99
DA:265,99
DA:266,99
DA:267,99
DA:268,66
DA:269,66
DA:270,33
DA:271,33
DA:281,99
DA:282,99
DA:283,99
DA:284,99
DA:285,99
DA:286,66
DA:287,66
DA:288,33
DA:289,33
DA:293,33
DA:299,0
DA:303,0
DA:304,0
DA:311,0
DA:314,0
DA:317,0
DA:321,0
DA:335,0
DA:336,0
DA:339,0
DA:341,0
DA:346,0
DA:351,0
DA:360,0
DA:362,0
LF:113
LH:90
end_of_record
TN:
SF:/Users/gabe/projects/canopy/crates/canopy-pipeline/src/lib.rs
FNF:0
DA:125,0
DA:129,0
DA:130,0
DA:134,1
DA:135,1
DA:139,0
DA:140,0
DA:162,0
DA:184,0
DA:185,0
LF:10
LH:2
end_of_record
TN:
SF:/Users/gabe/projects/canopy/crates/canopy-pipeline/src/models.rs
FN:11,ModelManager::list_available
FN:35,ModelManager::is_available
FN:42,ModelManager::is_available_by_name
FN:47,ModelManager::detect_model
FN:74,ModelManager::get_best_model
FNF:5
FNDA:1,ModelManager::list_available
FNDA:0,ModelManager::is_available
FNDA:0,ModelManager::is_available_by_name
FNDA:7,ModelManager::detect_model
FNDA:0,ModelManager::get_best_model
DA:11,1
DA:12,2
DA:15,2
DA:16,1
DA:17,1
DA:18,1
DA:21,7
DA:22,1
DA:23,7
DA:24,2
DA:31,1
DA:35,0
DA:36,0
DA:38,0
DA:42,0
DA:43,0
DA:47,7
DA:48,28
DA:50,6
DA:52,2
DA:53,2
DA:54,1
DA:55,2
DA:56,2
DA:57,4
DA:59,12
DA:61,2
DA:62,2
DA:63,1
DA:64,2
DA:65,2
DA:66,4
DA:69,5
DA:74,0
DA:75,0
DA:77,0
DA:81,0
DA:82,0
DA:83,0
DA:84,0
DA:87,0
LF:41
LH:28
end_of_record
TN:
SF:/Users/gabe/projects/canopy/crates/canopy-pipeline/src/pipeline.rs
FN:54,<impl Default for PipelineConfig>::default
FN:100,PipelineMetrics::avg_processing_time
FN:109,PipelineMetrics::cache_hit_rate
FN:119,PipelineMetrics::throughput
FN:164,PipelineContext::new
FN:175,PipelineContext::elapsed
FN:180,PipelineContext::is_timed_out
FN:197,LinguisticPipeline::new
FN:207,LinguisticPipeline::analyze
FN:214,LinguisticPipeline::analyze_with_context
FN:292,LinguisticPipeline::validate_input
FN:309,LinguisticPipeline::check_cache
FN:332,LinguisticPipeline::run_layer1
FN:435,LinguisticPipeline::run_feature_extraction
FN:454,LinguisticPipeline::run_layer2
FN:584,LinguisticPipeline::update_metrics
FN:611,LinguisticPipeline::cache_result
FN:639,LinguisticPipeline::generate_cache_key
FN:649,LinguisticPipeline::metrics
FN:654,LinguisticPipeline::is_ready
FN:659,LinguisticPipeline::analyze_batch
FN:689,PipelineBuilder::new
FN:697,PipelineBuilder::with_container
FN:703,PipelineBuilder::with_config
FN:709,PipelineBuilder::with_caching
FN:715,PipelineBuilder::with_metrics
FN:721,PipelineBuilder::with_performance_mode
FN:727,PipelineBuilder::build
FN:737,<impl Default for PipelineBuilder>::default
FNF:29
FNDA:44,<impl Default for PipelineConfig>::default
FNDA:4,PipelineMetrics::avg_processing_time
FNDA:5,PipelineMetrics::cache_hit_rate
FNDA:4,PipelineMetrics::throughput
FNDA:33,PipelineContext::new
FNDA:75,PipelineContext::elapsed
FNDA:25,PipelineContext::is_timed_out
FNDA:26,LinguisticPipeline::new
FNDA:50,LinguisticPipeline::analyze
FNDA:28,LinguisticPipeline::analyze_with_context
FNDA:28,LinguisticPipeline::validate_input
FNDA:26,LinguisticPipeline::check_cache
FNDA:25,LinguisticPipeline::run_layer1
FNDA:0,LinguisticPipeline::run_feature_extraction
FNDA:22,LinguisticPipeline::run_layer2
FNDA:22,LinguisticPipeline::update_metrics
FNDA:22,LinguisticPipeline::cache_result
FNDA:7,LinguisticPipeline::generate_cache_key
FNDA:11,LinguisticPipeline::metrics
FNDA:4,LinguisticPipeline::is_ready
FNDA:5,LinguisticPipeline::analyze_batch
FNDA:10,PipelineBuilder::new
FNDA:2,PipelineBuilder::with_container
FNDA:3,PipelineBuilder::with_config
FNDA:4,PipelineBuilder::with_caching
FNDA:3,PipelineBuilder::with_metrics
FNDA:3,PipelineBuilder::with_performance_mode
FNDA:7,PipelineBuilder::build
FNDA:2,<impl Default for PipelineBuilder>::default
DA:54,44
DA:100,4
DA:101,4
DA:102,2
DA:104,2
DA:109,5
DA:110,10
DA:111,5
DA:112,2
DA:114,3
DA:119,4
DA:120,8
DA:121,2
DA:123,2
DA:164,33
DA:166,99
DA:168,66
DA:170,33
DA:175,75
DA:176,150
DA:180,25
DA:181,50
DA:197,26
DA:201,26
DA:207,50
DA:214,28
DA:235,2
DA:236,2
DA:237,2
DA:238,2
DA:264,0
DA:265,0
DA:266,0
DA:267,0
DA:292,28
DA:293,56
DA:294,1
DA:297,0
DA:298,2
DA:299,2
DA:300,1
DA:301,1
DA:305,0
DA:309,26
DA:313,26
DA:314,1
DA:317,29
DA:318,0
DA:319,1
DA:321,0
DA:322,1
DA:327,24
DA:332,25
DA:351,0
DA:370,0
DA:372,0
DA:435,0
DA:444,0
DA:454,22
DA:584,22
DA:590,22
DA:591,44
DA:592,22
DA:593,22
DA:596,44
DA:597,41
DA:598,4
DA:599,3
DA:600,1
DA:603,22
DA:604,22
DA:605,66
DA:606,31
DA:607,66
DA:611,22
DA:616,22
DA:617,1
DA:620,24
DA:621,0
DA:623,0
DA:624,0
DA:625,0
DA:626,0
DA:629,0
DA:630,0
DA:631,0
DA:632,3
DA:635,21
DA:639,7
DA:643,14
DA:644,21
DA:645,28
DA:649,11
DA:650,11
DA:654,4
DA:655,8
DA:659,5
DA:663,10
DA:665,7
DA:668,5
DA:669,10
DA:673,13
DA:674,25
DA:678,4
DA:689,10
DA:692,10
DA:697,2
DA:698,4
DA:699,2
DA:703,3
DA:704,3
DA:705,3
DA:709,4
DA:710,4
DA:711,4
DA:715,3
DA:716,3
DA:717,3
DA:721,3
DA:722,3
DA:723,3
DA:727,7
DA:728,21
DA:729,5
DA:732,0
DA:737,2
DA:738,2
LF:127
LH:105
end_of_record
TN:
SF:/Users/gabe/projects/canopy/crates/canopy-pipeline/src/traits.rs
FN:33,MorphosyntacticParser::warm_up
FN:77,FeatureExtractor::extract_features_batch
FNF:2
FNDA:0,MorphosyntacticParser::warm_up
FNDA:0,FeatureExtractor::extract_features_batch
DA:33,0
DA:77,0
DA:78,0
DA:79,0
DA:81,0
LF:5
LH:0
end_of_record
TN:
SF:/Users/gabe/projects/canopy/crates/canopy-semantic-layer/src/composition.rs
FN:96,SemanticComposer::new
FN:109,SemanticComposer::compose_tokens
FN:172,SemanticComposer::compose_predicates
FN:196,SemanticComposer::apply_rules
FN:212,SemanticComposer::default_composition_rules
FN:255,SemanticComposer::matches_pattern
FN:262,SemanticComposer::check_conditions
FN:269,SemanticComposer::apply_operation
FN:281,SemanticComposer::determine_quantifier_type
FN:317,ComposedStructure::new
FN:327,<impl Default for TypeChecker>::default
FN:334,TypeChecker::new
FN:341,TypeChecker::check_compatibility
FN:354,TypeChecker::infer_result_type
FN:363,<impl Default for SemanticComposer>::default
FNF:15
FNDA:7,SemanticComposer::new
FNDA:4,SemanticComposer::compose_tokens
FNDA:1,SemanticComposer::compose_predicates
FNDA:0,SemanticComposer::apply_rules
FNDA:7,SemanticComposer::default_composition_rules
FNDA:0,SemanticComposer::matches_pattern
FNDA:0,SemanticComposer::check_conditions
FNDA:0,SemanticComposer::apply_operation
FNDA:4,SemanticComposer::determine_quantifier_type
FNDA:0,ComposedStructure::new
FNDA:0,<impl Default for TypeChecker>::default
FNDA:9,TypeChecker::new
FNDA:3,TypeChecker::check_compatibility
FNDA:1,TypeChecker::infer_result_type
FNDA:0,<impl Default for SemanticComposer>::default
DA:96,7
DA:97,7
DA:99,14
DA:100,14
DA:102,7
DA:103,7
DA:104,7
DA:109,4
DA:110,4
DA:112,8
DA:113,8
DA:114,8
DA:117,18
DA:120,2
DA:132,1
DA:134,3
DA:135,3
DA:136,1
DA:139,1
DA:142,5
DA:143,4
DA:144,3
DA:149,2
DA:155,2
DA:159,3
DA:164,4
DA:165,8
DA:166,4
DA:167,4
DA:172,1
DA:173,1
DA:175,3
DA:177,1
DA:178,2
DA:179,1
DA:180,1
DA:181,1
DA:182,5
DA:183,1
DA:184,1
DA:188,1
DA:189,2
DA:190,1
DA:191,1
DA:196,0
DA:197,0
DA:199,0
DA:201,0
DA:202,0
DA:203,0
DA:204,0
DA:208,0
DA:212,7
DA:213,7
DA:215,7
DA:216,21
DA:217,14
DA:218,28
DA:219,21
DA:221,14
DA:222,14
DA:223,7
DA:224,21
DA:225,7
DA:231,7
DA:232,21
DA:233,14
DA:234,28
DA:235,14
DA:237,7
DA:238,7
DA:242,7
DA:243,21
DA:244,14
DA:245,28
DA:246,14
DA:248,7
DA:249,7
DA:255,0
DA:258,0
DA:262,0
DA:265,0
DA:269,0
DA:277,0
DA:281,4
DA:282,4
DA:283,8
DA:284,5
DA:285,2
DA:286,0
DA:317,0
DA:319,0
DA:320,0
DA:327,0
DA:328,0
DA:334,9
DA:336,9
DA:341,3
DA:342,6
DA:343,3
DA:344,3
DA:346,2
DA:347,0
DA:348,0
DA:349,0
DA:354,1
DA:355,1
DA:356,1
DA:357,0
DA:363,0
DA:364,0
LF:111
LH:85
end_of_record
TN:
SF:/Users/gabe/projects/canopy/crates/canopy-semantic-layer/src/coordinator.rs
FN:23,<impl Default for CoordinatorConfig>::default
FN:54,Layer1SemanticResult::new
FN:77,SemanticCoordinator::new
FN:86,SemanticCoordinator::analyze
FN:92,SemanticCoordinator::analyze_batch
FN:98,create_l1_analyzer
FNF:6
FNDA:94,<impl Default for CoordinatorConfig>::default
FNDA:419,Layer1SemanticResult::new
FNDA:96,SemanticCoordinator::new
FNDA:419,SemanticCoordinator::analyze
FNDA:1,SemanticCoordinator::analyze_batch
FNDA:7,create_l1_analyzer
DA:23,94
DA:54,419
DA:64,419
DA:65,419
DA:77,96
DA:78,192
DA:86,419
DA:87,1257
DA:88,2095
DA:89,419
DA:92,1
DA:93,19
DA:98,7
DA:99,14
LF:14
LH:14
end_of_record
TN:
SF:/Users/gabe/projects/canopy/crates/canopy-semantic-layer/src/engines.rs
FN:125,<impl SemanticEngine for VerbNetEngine>::analyze_token
FN:132,<impl SemanticEngine for VerbNetEngine>::get_statistics
FN:143,<impl SemanticEngine for VerbNetEngine>::is_initialized
FN:148,<impl SemanticEngine for VerbNetEngine>::clear_cache
FN:152,<impl SemanticEngine for VerbNetEngine>::engine_name
FN:163,<impl SemanticEngine for FrameNetEngine>::analyze_token
FN:170,<impl SemanticEngine for FrameNetEngine>::get_statistics
FN:182,<impl SemanticEngine for FrameNetEngine>::is_initialized
FN:187,<impl SemanticEngine for FrameNetEngine>::clear_cache
FN:191,<impl SemanticEngine for FrameNetEngine>::engine_name
FN:202,<impl SemanticEngine for WordNetEngine>::analyze_token
FN:207,<impl SemanticEngine for WordNetEngine>::get_statistics
FN:211,<impl SemanticEngine for WordNetEngine>::is_initialized
FN:216,<impl SemanticEngine for WordNetEngine>::clear_cache
FN:221,<impl SemanticEngine for WordNetEngine>::engine_name
FN:254,<impl Default for MultiResourceConfig>::default
FN:267,MultiResourceAnalyzer::new
FN:282,MultiResourceAnalyzer::analyze_comprehensive
FN:350,MultiResourceAnalyzer::analyze_parallel
FN:451,MultiResourceAnalyzer::get_coverage_stats
FN:489,MultiResourceAnalyzer::get_unified_statistics
FN:522,MultiResourceAnalyzer::clear_all_caches
FNF:22
FNDA:17,<impl SemanticEngine for VerbNetEngine>::analyze_token
FNDA:4,<impl SemanticEngine for VerbNetEngine>::get_statistics
FNDA:1,<impl SemanticEngine for VerbNetEngine>::is_initialized
FNDA:2,<impl SemanticEngine for VerbNetEngine>::clear_cache
FNDA:2,<impl SemanticEngine for VerbNetEngine>::engine_name
FNDA:30,<impl SemanticEngine for FrameNetEngine>::analyze_token
FNDA:4,<impl SemanticEngine for FrameNetEngine>::get_statistics
FNDA:1,<impl SemanticEngine for FrameNetEngine>::is_initialized
FNDA:2,<impl SemanticEngine for FrameNetEngine>::clear_cache
FNDA:2,<impl SemanticEngine for FrameNetEngine>::engine_name
FNDA:0,<impl SemanticEngine for WordNetEngine>::analyze_token
FNDA:1,<impl SemanticEngine for WordNetEngine>::get_statistics
FNDA:1,<impl SemanticEngine for WordNetEngine>::is_initialized
FNDA:2,<impl SemanticEngine for WordNetEngine>::clear_cache
FNDA:1,<impl SemanticEngine for WordNetEngine>::engine_name
FNDA:16,<impl Default for MultiResourceConfig>::default
FNDA:22,MultiResourceAnalyzer::new
FNDA:15,MultiResourceAnalyzer::analyze_comprehensive
FNDA:3,MultiResourceAnalyzer::analyze_parallel
FNDA:6,MultiResourceAnalyzer::get_coverage_stats
FNDA:3,MultiResourceAnalyzer::get_unified_statistics
FNDA:1,MultiResourceAnalyzer::clear_all_caches
DA:125,17
DA:126,34
DA:127,17
DA:128,0
DA:132,4
DA:143,1
DA:145,1
DA:148,2
DA:152,2
DA:153,2
DA:163,30
DA:164,60
DA:165,30
DA:166,0
DA:170,4
DA:182,1
DA:184,1
DA:187,2
DA:191,2
DA:192,2
DA:202,0
DA:204,0
DA:207,1
DA:208,2
DA:211,1
DA:213,1
DA:216,2
DA:221,1
DA:222,1
DA:254,16
DA:267,22
DA:282,15
DA:283,30
DA:284,30
DA:285,30
DA:286,30
DA:287,30
DA:288,45
DA:291,15
DA:292,42
DA:293,0
DA:294,0
DA:295,0
DA:296,0
DA:302,15
DA:303,45
DA:306,0
DA:307,0
DA:308,0
DA:309,0
DA:310,0
DA:311,0
DA:320,15
DA:321,42
DA:322,2
DA:323,2
DA:324,2
DA:325,2
DA:331,15
DA:332,0
DA:334,15
DA:336,15
DA:337,30
DA:338,30
DA:339,30
DA:340,30
DA:341,15
DA:342,15
DA:350,3
DA:354,9
DA:355,12
DA:358,6
DA:359,6
DA:360,6
DA:363,6
DA:364,9
DA:365,6
DA:369,3
DA:372,0
DA:375,6
DA:376,6
DA:377,4
DA:380,2
DA:383,1
DA:386,6
DA:387,9
DA:388,6
DA:391,3
DA:394,0
DA:398,6
DA:399,9
DA:401,9
DA:402,0
DA:403,0
DA:404,0
DA:405,0
DA:407,0
DA:409,0
DA:412,11
DA:413,0
DA:414,0
DA:415,0
DA:416,0
DA:418,0
DA:420,1
DA:423,9
DA:424,0
DA:425,0
DA:426,0
DA:427,0
DA:429,0
DA:431,0
DA:435,3
DA:436,0
DA:438,3
DA:440,3
DA:441,6
DA:442,6
DA:443,6
DA:444,6
DA:445,3
DA:446,3
DA:451,6
DA:452,12
DA:453,12
DA:454,12
DA:455,12
DA:456,12
DA:458,30
DA:459,24
DA:460,24
DA:461,24
DA:465,5
DA:466,5
DA:470,0
DA:471,0
DA:472,5
DA:473,7
DA:474,7
DA:484,18
DA:489,3
DA:490,9
DA:491,9
DA:492,9
DA:495,3
DA:511,3
DA:517,9
DA:522,1
DA:523,2
DA:524,2
DA:525,2
LF:151
LH:114
end_of_record
TN:
SF:/Users/gabe/projects/canopy/crates/canopy-semantic-layer/src/lemmatizer.rs
FN:22,<impl From for canopy_engine::EngineError>::from
FN:53,Lemmatizer::lemmatize_with_confidence
FN:58,Lemmatizer::supports_batch
FN:63,Lemmatizer::lemmatize_batch
FN:76,SimpleLemmatizer::new
FN:118,SimpleLemmatizer::apply_rules
FN:161,<impl Default for SimpleLemmatizer>::default
FN:169,<impl Lemmatizer for SimpleLemmatizer>::lemmatize
FN:173,<impl Lemmatizer for SimpleLemmatizer>::lemmatize_with_confidence
FN:185,<impl Lemmatizer for SimpleLemmatizer>::supports_batch
FN:189,<impl Lemmatizer for SimpleLemmatizer>::lemmatize_batch
FNF:11
FNDA:0,<impl From for canopy_engine::EngineError>::from
FNDA:0,Lemmatizer::lemmatize_with_confidence
FNDA:0,Lemmatizer::supports_batch
FNDA:0,Lemmatizer::lemmatize_batch
FNDA:102,SimpleLemmatizer::new
FNDA:446,SimpleLemmatizer::apply_rules
FNDA:0,<impl Default for SimpleLemmatizer>::default
FNDA:443,<impl Lemmatizer for SimpleLemmatizer>::lemmatize
FNDA:3,<impl Lemmatizer for SimpleLemmatizer>::lemmatize_with_confidence
FNDA:0,<impl Lemmatizer for SimpleLemmatizer>::supports_batch
FNDA:1,<impl Lemmatizer for SimpleLemmatizer>::lemmatize_batch
DA:22,0
DA:23,0
DA:24,0
DA:27,0
DA:34,0
DA:36,0
DA:53,0
DA:54,0
DA:58,0
DA:59,0
DA:63,0
DA:64,0
DA:76,102
DA:77,204
DA:80,612
DA:81,612
DA:82,612
DA:83,612
DA:84,612
DA:85,612
DA:86,612
DA:87,612
DA:88,612
DA:89,612
DA:90,612
DA:91,612
DA:92,612
DA:93,612
DA:94,612
DA:95,612
DA:96,612
DA:97,612
DA:98,612
DA:99,612
DA:100,612
DA:101,612
DA:102,612
DA:105,612
DA:106,612
DA:107,612
DA:108,612
DA:109,612
DA:110,612
DA:111,612
DA:112,612
DA:114,102
DA:118,446
DA:119,1338
DA:122,900
DA:127,451
DA:128,33
DA:130,11
DA:131,55
DA:132,44
DA:133,27
DA:134,36
DA:135,9
DA:138,2
DA:141,4
DA:142,12
DA:143,8
DA:146,6
DA:147,12
DA:148,6
DA:151,16
DA:152,45
DA:161,0
DA:162,0
DA:163,0
DA:169,443
DA:170,1329
DA:173,3
DA:174,12
DA:175,12
DA:176,1
DA:177,2
DA:178,1
DA:180,1
DA:182,3
DA:185,0
DA:186,0
DA:189,1
DA:190,13
DA:261,1
DA:275,2
DA:280,0
DA:281,0
LF:87
LH:68
end_of_record
TN:
SF:/Users/gabe/projects/canopy/crates/canopy-semantic-layer/src/lexicon.rs
FN:25,ClosedClassLexicon::new
FN:137,ClosedClassLexicon::is_function_word
FN:150,ClosedClassLexicon::is_determiner
FN:155,ClosedClassLexicon::is_preposition
FN:160,ClosedClassLexicon::is_conjunction
FN:165,ClosedClassLexicon::is_auxiliary
FN:170,ClosedClassLexicon::is_pronoun
FN:175,ClosedClassLexicon::is_particle
FN:180,ClosedClassLexicon::is_quantifier
FN:185,ClosedClassLexicon::is_wh_word
FN:190,ClosedClassLexicon::get_category
FN:223,ClosedClassLexicon::get_words_in_category
FN:240,ClosedClassLexicon::is_potentially_ambiguous
FN:251,ClosedClassLexicon::get_stats
FN:284,<impl Default for ClosedClassLexicon>::default
FNF:15
FNDA:72,ClosedClassLexicon::new
FNDA:257,ClosedClassLexicon::is_function_word
FNDA:6,ClosedClassLexicon::is_determiner
FNDA:6,ClosedClassLexicon::is_preposition
FNDA:0,ClosedClassLexicon::is_conjunction
FNDA:6,ClosedClassLexicon::is_auxiliary
FNDA:0,ClosedClassLexicon::is_pronoun
FNDA:0,ClosedClassLexicon::is_particle
FNDA:49,ClosedClassLexicon::is_quantifier
FNDA:7,ClosedClassLexicon::is_wh_word
FNDA:6,ClosedClassLexicon::get_category
FNDA:3,ClosedClassLexicon::get_words_in_category
FNDA:3,ClosedClassLexicon::is_potentially_ambiguous
FNDA:1,ClosedClassLexicon::get_stats
FNDA:0,<impl Default for ClosedClassLexicon>::default
DA:25,72
DA:26,72
DA:29,216
DA:38,216
DA:51,216
DA:64,216
DA:74,216
DA:100,216
DA:108,216
DA:118,216
DA:124,72
DA:125,144
DA:126,144
DA:127,144
DA:128,144
DA:129,144
DA:130,144
DA:131,72
DA:132,72
DA:137,257
DA:138,771
DA:139,771
DA:140,214
DA:141,209
DA:142,207
DA:143,203
DA:144,202
DA:145,202
DA:146,202
DA:150,6
DA:151,18
DA:155,6
DA:156,18
DA:160,0
DA:161,0
DA:165,6
DA:166,18
DA:170,0
DA:171,0
DA:175,0
DA:176,0
DA:180,49
DA:181,147
DA:185,7
DA:186,21
DA:190,6
DA:191,12
DA:192,18
DA:194,20
DA:195,6
DA:197,19
DA:198,3
DA:200,19
DA:201,3
DA:203,18
DA:204,0
DA:206,20
DA:207,6
DA:209,19
DA:210,3
DA:212,18
DA:213,0
DA:215,18
DA:216,0
DA:219,6
DA:223,3
DA:224,5
DA:225,4
DA:226,3
DA:227,1
DA:228,1
DA:229,1
DA:230,1
DA:231,1
DA:232,1
DA:233,1
DA:240,3
DA:241,12
DA:244,3
DA:245,1
DA:246,1
DA:247,0
DA:251,1
DA:253,3
DA:254,3
DA:255,3
DA:256,3
DA:257,3
DA:258,3
DA:259,3
DA:260,3
DA:261,9
DA:284,0
DA:285,0
LF:94
LH:82
end_of_record
TN:
SF:/Users/gabe/projects/canopy/crates/canopy-semantic-layer/src/lib.rs
FN:109,<impl Default for SemanticConfig>::default
FN:424,<impl From for SemanticError>::from
FN:433,SemanticAnalyzer::new
FN:462,SemanticAnalyzer::analyze
FN:552,SemanticAnalyzer::analyze_token
FN:626,SemanticAnalyzer::determine_semantic_class
FN:672,SemanticAnalyzer::calculate_confidence
FN:708,SemanticAnalyzer::extract_frame_elements
FN:746,SemanticAnalyzer::convert_theta_roles
FN:766,SemanticAnalyzer::extract_selectional_restrictions
FN:792,SemanticAnalyzer::determine_aspectual_class
FN:821,SemanticAnalyzer::enhance_with_semantic_roles
FN:848,SemanticAnalyzer::build_logical_form
FNF:13
FNDA:66,<impl Default for SemanticConfig>::default
FNDA:1,<impl From for SemanticError>::from
FNDA:61,SemanticAnalyzer::new
FNDA:64,SemanticAnalyzer::analyze
FNDA:249,SemanticAnalyzer::analyze_token
FNDA:249,SemanticAnalyzer::determine_semantic_class
FNDA:0,SemanticAnalyzer::calculate_confidence
FNDA:1,SemanticAnalyzer::extract_frame_elements
FNDA:0,SemanticAnalyzer::convert_theta_roles
FNDA:0,SemanticAnalyzer::extract_selectional_restrictions
FNDA:0,SemanticAnalyzer::determine_aspectual_class
FNDA:58,SemanticAnalyzer::enhance_with_semantic_roles
FNDA:58,SemanticAnalyzer::build_logical_form
DA:109,66
DA:424,1
DA:426,1
DA:433,61
DA:434,61
DA:438,122
DA:439,122
DA:440,122
DA:443,61
DA:447,183
DA:448,61
DA:449,61
DA:462,64
DA:463,128
DA:464,64
DA:467,128
DA:468,256
DA:470,0
DA:481,550
DA:482,984
DA:485,0
DA:487,0
DA:488,0
DA:489,0
DA:490,0
DA:491,0
DA:492,0
DA:495,0
DA:500,246
DA:501,0
DA:502,0
DA:503,0
DA:504,0
DA:505,0
DA:506,0
DA:507,0
DA:508,0
DA:516,58
DA:521,58
DA:539,0
DA:540,0
DA:552,249
DA:553,249
DA:556,996
DA:560,0
DA:562,0
DA:566,0
DA:568,0
DA:569,0
DA:570,0
DA:571,0
DA:572,0
DA:574,249
DA:578,0
DA:581,249
DA:585,0
DA:587,0
DA:589,0
DA:590,0
DA:592,249
DA:597,0
DA:598,0
DA:599,0
DA:600,0
DA:601,0
DA:602,0
DA:603,0
DA:604,0
DA:606,0
DA:626,249
DA:635,249
DA:636,0
DA:639,249
DA:640,0
DA:643,249
DA:645,0
DA:647,0
DA:648,0
DA:649,0
DA:650,0
DA:651,0
DA:654,0
DA:658,747
DA:659,147
DA:660,8
DA:662,41
DA:665,200
DA:672,0
DA:678,0
DA:679,0
DA:681,0
DA:682,0
DA:683,0
DA:686,0
DA:687,0
DA:688,0
DA:691,0
DA:693,0
DA:694,0
DA:696,0
DA:697,0
DA:700,0
DA:701,0
DA:703,0
DA:708,1
DA:711,1
DA:712,2
DA:713,1
DA:714,3
DA:715,1
DA:716,1
DA:718,1
DA:719,3
DA:720,1
DA:721,1
DA:723,1
DA:724,3
DA:725,1
DA:726,1
DA:729,0
DA:730,0
DA:731,0
DA:732,0
DA:733,0
DA:735,0
DA:736,0
DA:737,0
DA:738,0
DA:741,0
DA:746,0
DA:747,0
DA:749,0
DA:750,0
DA:751,0
DA:752,0
DA:753,0
DA:754,0
DA:755,0
DA:756,0
DA:757,0
DA:758,0
DA:759,0
DA:760,0
DA:762,0
DA:766,0
DA:767,0
DA:770,0
DA:775,0
DA:783,0
DA:784,0
DA:788,0
DA:792,0
DA:796,0
DA:797,0
DA:801,0
DA:802,0
DA:806,0
DA:807,0
DA:812,0
DA:813,0
DA:814,0
DA:815,0
DA:816,0
DA:821,58
DA:825,174
DA:826,0
DA:829,0
DA:832,0
DA:833,0
DA:834,0
DA:835,0
DA:837,0
DA:838,0
DA:842,0
DA:843,0
DA:844,58
DA:848,58
DA:853,116
DA:854,116
DA:855,116
DA:858,174
DA:862,0
DA:876,550
DA:878,16
DA:879,18
DA:880,2
DA:881,0
DA:882,0
DA:885,24
DA:886,16
DA:887,24
DA:888,16
DA:889,32
DA:890,24
DA:891,16
DA:893,8
DA:894,16
DA:895,8
DA:896,8
DA:902,58
DA:903,116
DA:904,58
DA:905,58
LF:203
LH:79
end_of_record
TN:
SF:/Users/gabe/projects/canopy/crates/canopy-semantic-layer/src/morphology.rs
FN:23,MorphologyDatabase::new
FN:170,MorphologyDatabase::analyze
FN:195,MorphologyDatabase::find_lemma
FN:221,MorphologyDatabase::apply_regular_rules
FN:262,MorphologyDatabase::is_recognized_word
FN:270,MorphologyDatabase::get_inflections
FN:298,MorphologyDatabase::get_features
FN:306,MorphologyDatabase::is_verb
FN:313,MorphologyDatabase::is_noun
FN:320,MorphologyDatabase::get_stats
FN:340,<impl Default for MorphologyDatabase>::default
FNF:11
FNDA:70,MorphologyDatabase::new
FNDA:256,MorphologyDatabase::analyze
FNDA:256,MorphologyDatabase::find_lemma
FNDA:208,MorphologyDatabase::apply_regular_rules
FNDA:256,MorphologyDatabase::is_recognized_word
FNDA:1,MorphologyDatabase::get_inflections
FNDA:8,MorphologyDatabase::get_features
FNDA:3,MorphologyDatabase::is_verb
FNDA:3,MorphologyDatabase::is_noun
FNDA:1,MorphologyDatabase::get_stats
FNDA:0,<impl Default for MorphologyDatabase>::default
DA:23,70
DA:24,70
DA:26,140
DA:27,140
DA:28,140
DA:29,140
DA:32,140
DA:34,70
DA:35,70
DA:36,70
DA:37,70
DA:40,70
DA:41,70
DA:42,70
DA:45,70
DA:46,70
DA:47,70
DA:50,70
DA:51,70
DA:52,70
DA:55,70
DA:56,70
DA:57,70
DA:60,70
DA:61,70
DA:62,70
DA:63,70
DA:64,70
DA:65,70
DA:66,70
DA:69,3290
DA:74,140
DA:76,70
DA:79,70
DA:80,70
DA:81,70
DA:82,70
DA:85,70
DA:86,70
DA:87,70
DA:88,70
DA:89,70
DA:90,70
DA:93,1610
DA:98,140
DA:100,70
DA:101,70
DA:102,70
DA:103,70
DA:104,70
DA:105,70
DA:106,70
DA:107,70
DA:110,70
DA:111,70
DA:112,70
DA:113,70
DA:114,70
DA:117,1890
DA:122,140
DA:123,210
DA:124,280
DA:125,280
DA:126,280
DA:127,420
DA:129,280
DA:130,280
DA:132,350
DA:133,350
DA:136,420
DA:137,420
DA:138,350
DA:139,350
DA:140,350
DA:141,280
DA:142,420
DA:143,420
DA:146,210
DA:147,210
DA:148,210
DA:149,210
DA:150,210
DA:153,3150
DA:155,9100
DA:161,70
DA:162,140
DA:163,140
DA:164,70
DA:165,70
DA:170,256
DA:171,256
DA:173,768
DA:176,1024
DA:179,512
DA:180,512
DA:184,1024
DA:186,256
DA:187,512
DA:188,512
DA:189,256
DA:190,256
DA:195,256
DA:197,553
DA:202,437
DA:207,416
DA:212,436
DA:217,376
DA:221,208
DA:223,417
DA:224,3
DA:225,2
DA:228,0
DA:229,0
DA:230,0
DA:233,12
DA:234,36
DA:237,24
DA:238,0
DA:239,0
DA:241,0
DA:244,12
DA:248,7
DA:249,21
DA:250,14
DA:253,0
DA:254,0
DA:255,0
DA:262,256
DA:263,768
DA:264,215
DA:265,208
DA:266,208
DA:270,1
DA:271,2
DA:274,47
DA:275,4
DA:276,12
DA:281,23
DA:282,0
DA:283,0
DA:288,27
DA:289,0
DA:290,0
DA:294,1
DA:298,8
DA:299,8
DA:300,16
DA:306,3
DA:307,12
DA:308,9
DA:309,1
DA:313,3
DA:314,12
DA:315,9
DA:316,1
DA:320,1
DA:322,3
DA:323,3
DA:324,3
DA:325,1
DA:340,0
DA:341,0
LF:162
LH:147
end_of_record
TN:
SF:/Users/gabe/projects/canopy/crates/canopy-semantic-layer/src/tokenization.rs
FN:34,Tokenizer::new
FN:83,Tokenizer::tokenize
FN:145,Tokenizer::tokenize_simple
FN:151,Tokenizer::segment_sentences
FN:170,<impl Default for Tokenizer>::default
FNF:5
FNDA:73,Tokenizer::new
FNDA:75,Tokenizer::tokenize
FNDA:67,Tokenizer::tokenize_simple
FNDA:5,Tokenizer::segment_sentences
FNDA:1,<impl Default for Tokenizer>::default
DA:34,73
DA:35,146
DA:38,146
DA:39,949
DA:40,803
DA:41,876
DA:42,876
DA:43,1022
DA:44,949
DA:45,584
DA:48,11607
DA:52,146
DA:54,657
DA:55,657
DA:56,657
DA:57,657
DA:58,657
DA:59,657
DA:60,657
DA:61,657
DA:62,657
DA:63,657
DA:64,657
DA:65,657
DA:66,657
DA:67,657
[...]
FN:216,VerbNetEngine::build_verb_index
FN:234,VerbNetEngine::update_performance_metrics
FN:244,VerbNetEngine::get_verb_class
FN:249,VerbNetEngine::get_all_classes
FN:254,VerbNetEngine::is_loaded
FN:259,VerbNetEngine::get_class_verbs
FN:265,VerbNetEngine::search_classes
FN:277,<impl DataLoader for VerbNetEngine>::load_from_directory
FN:299,<impl DataLoader for VerbNetEngine>::load_test_data
FN:304,<impl DataLoader for VerbNetEngine>::reload
FN:311,<impl DataLoader for VerbNetEngine>::data_info
FN:324,<impl SemanticEngine for VerbNetEngine>::analyze
FN:343,<impl SemanticEngine for VerbNetEngine>::name
FN:347,<impl SemanticEngine for VerbNetEngine>::version
FN:351,<impl SemanticEngine for VerbNetEngine>::is_initialized
FN:355,<impl SemanticEngine for VerbNetEngine>::config
FN:361,<impl CachedEngine for VerbNetEngine>::cache_stats
FN:365,<impl CachedEngine for VerbNetEngine>::clear_cache
FN:370,<impl CachedEngine for VerbNetEngine>::set_cache_capacity
FN:377,<impl StatisticsProvider for VerbNetEngine>::statistics
FN:381,<impl StatisticsProvider for VerbNetEngine>::performance_metrics
FN:387,<impl Default for VerbNetEngine>::default
FNF:28
FNDA:106,VerbNetEngine::new
FNDA:110,VerbNetEngine::with_config
FNDA:168,VerbNetEngine::analyze_verb
FNDA:159,VerbNetEngine::find_verb_classes
FNDA:141,VerbNetEngine::fuzzy_verb_search
FNDA:45,VerbNetEngine::calculate_confidence
FNDA:38,VerbNetEngine::build_verb_index
FNDA:159,VerbNetEngine::update_performance_metrics
FNDA:4,VerbNetEngine::get_verb_class
FNDA:6,VerbNetEngine::get_all_classes
FNDA:10,VerbNetEngine::is_loaded
FNDA:10,VerbNetEngine::get_class_verbs
FNDA:6,VerbNetEngine::search_classes
FNDA:23,<impl DataLoader for VerbNetEngine>::load_from_directory
FNDA:2,<impl DataLoader for VerbNetEngine>::load_test_data
FNDA:2,<impl DataLoader for VerbNetEngine>::reload
FNDA:2,<impl DataLoader for VerbNetEngine>::data_info
FNDA:2,<impl SemanticEngine for VerbNetEngine>::analyze
FNDA:2,<impl SemanticEngine for VerbNetEngine>::name
FNDA:2,<impl SemanticEngine for VerbNetEngine>::version
FNDA:12,<impl SemanticEngine for VerbNetEngine>::is_initialized
FNDA:16,<impl SemanticEngine for VerbNetEngine>::config
FNDA:2,<impl CachedEngine for VerbNetEngine>::cache_stats
FNDA:2,<impl CachedEngine for VerbNetEngine>::clear_cache
FNDA:2,<impl CachedEngine for VerbNetEngine>::set_cache_capacity
FNDA:12,<impl StatisticsProvider for VerbNetEngine>::statistics
FNDA:8,<impl StatisticsProvider for VerbNetEngine>::performance_metrics
FNDA:2,<impl Default for VerbNetEngine>::default
DA:40,106
DA:41,212
DA:45,110
DA:46,330
DA:49,220
DA:50,220
DA:53,220
DA:61,220
DA:62,220
DA:67,168
DA:68,336
DA:69,168
DA:72,168
DA:73,492
DA:74,337
DA:81,159
DA:84,159
DA:87,116
DA:88,580
DA:89,232
DA:90,348
DA:91,232
DA:101,39
DA:102,156
DA:103,156
DA:109,0
DA:110,0
DA:116,159
DA:117,318
DA:120,336
DA:121,62
DA:122,22
DA:129,318
DA:130,564
DA:133,159
DA:137,141
DA:138,282
DA:139,423
DA:142,282
DA:143,282
DA:145,282
DA:146,282
DA:147,282
DA:149,423
DA:150,282
DA:151,282
DA:155,141
DA:156,26
DA:158,13
DA:159,65
DA:160,71
DA:162,24
DA:163,30
DA:164,18
DA:168,52
DA:171,2165
DA:172,25
DA:173,75
DA:174,25
DA:176,25
DA:177,25
DA:184,141
DA:188,45
DA:189,90
DA:190,1
DA:195,42
DA:196,4
DA:197,0
DA:198,0
DA:203,48
DA:205,96
DA:207,144
DA:208,48
DA:216,38
DA:217,76
DA:219,1430
DA:220,20116
DA:228,38
DA:229,38
DA:234,159
DA:236,318
DA:237,159
DA:238,159
DA:240,477
DA:244,4
DA:245,12
DA:249,6
DA:250,18
DA:254,10
DA:255,10
DA:259,10
DA:260,30
DA:261,26
DA:265,6
DA:266,18
DA:267,12
DA:268,18
DA:269,24
DA:270,8
DA:277,23
DA:278,69
DA:279,23
DA:281,46
DA:282,92
DA:284,0
DA:285,721
DA:286,0
DA:287,0
DA:290,0
DA:291,0
DA:293,0
DA:294,0
DA:296,0
DA:299,2
DA:301,4
DA:304,2
DA:306,4
DA:307,4
DA:308,4
DA:311,2
DA:313,4
DA:314,4
DA:324,2
DA:327,4
DA:328,8
DA:329,0
DA:330,6
DA:334,0
DA:337,8
DA:338,12
DA:340,4
DA:343,2
DA:344,2
DA:347,2
DA:348,2
DA:351,12
DA:352,12
DA:355,16
DA:356,16
DA:361,2
DA:362,4
DA:365,2
DA:370,2
DA:371,2
DA:377,12
DA:378,24
DA:381,8
DA:382,16
DA:387,2
DA:388,2
LF:150
LH:136
end_of_record
TN:
SF:/Users/gabe/projects/canopy/crates/canopy-verbnet/src/lib.rs
FN:60,utils::class_has_role
FN:65,utils::extract_all_verbs
FN:73,utils::role_matches_restrictions
FN:80,utils::most_specific_class
FN:87,utils::parse_class_hierarchy
FNF:5
FNDA:0,utils::class_has_role
FNDA:0,utils::extract_all_verbs
FNDA:0,utils::role_matches_restrictions
FNDA:1,utils::most_specific_class
FNDA:2,utils::parse_class_hierarchy
DA:60,0
DA:61,0
DA:65,0
DA:66,0
DA:67,0
DA:68,0
DA:73,0
DA:74,0
DA:75,0
DA:80,1
DA:81,2
DA:82,7
DA:87,2
DA:88,10
DA:89,2
DA:90,6
DA:91,10
DA:92,2
DA:93,8
DA:95,0
DA:98,0
LF:21
LH:10
end_of_record
TN:
SF:/Users/gabe/projects/canopy/crates/canopy-verbnet/src/parser.rs
FN:18,<impl XmlResource for VerbClass>::parse_xml
FN:86,<impl XmlResource for VerbClass>::validate
FN:102,<impl XmlResource for VerbClass>::root_element
FN:108,parse_members
FN:165,parse_themroles
FN:208,parse_selrestrs
FN:265,parse_frames
FN:293,parse_frame
FN:352,parse_examples
FN:379,parse_syntax
FN:417,parse_semantics
FN:463,parse_predicate_args
FN:503,parse_subclasses
FN:533,get_attribute
FN:550,extract_text_content
FN:585,extract_class_name
FNF:16
FNDA:355,<impl XmlResource for VerbClass>::parse_xml
FNDA:0,<impl XmlResource for VerbClass>::validate
FNDA:0,<impl XmlResource for VerbClass>::root_element
FNDA:413,parse_members
FNDA:413,parse_themroles
FNDA:1018,parse_selrestrs
FNDA:413,parse_frames
FNDA:1182,parse_frame
FNDA:1182,parse_examples
FNDA:1182,parse_syntax
FNDA:1182,parse_semantics
FNDA:4693,parse_predicate_args
FNDA:387,parse_subclasses
FNDA:139903,get_attribute
FNDA:1188,extract_text_content
FNDA:708,extract_class_name
DA:18,355
DA:19,710
DA:21,710
DA:22,710
DA:24,710
DA:25,710
DA:26,355
DA:27,355
DA:31,0
DA:32,16923
DA:33,2041
DA:34,0
DA:35,0
DA:37,1065
DA:38,0
DA:39,0
DA:40,0
DA:43,0
DA:44,1652
DA:46,1273
DA:47,1652
DA:49,859
DA:50,1652
DA:52,446
DA:53,1548
DA:55,0
DA:57,60
DA:61,2065
DA:62,355
DA:64,0
DA:65,0
DA:66,0
DA:68,3245
DA:70,5286
DA:74,355
DA:75,0
DA:76,0
DA:80,0
DA:81,0
DA:83,0
DA:86,0
DA:87,0
DA:88,0
DA:92,0
DA:96,0
DA:102,0
DA:103,0
DA:108,413
DA:109,826
DA:111,0
DA:112,50676
DA:113,5321
DA:114,5321
DA:116,10642
DA:123,15963
DA:124,0
DA:126,15963
DA:127,4267
DA:128,4267
DA:131,15962
DA:132,2704
DA:133,2704
DA:136,10880
DA:137,238
DA:138,238
DA:142,5321
DA:143,5321
DA:144,0
DA:148,11879
DA:149,0
DA:151,0
DA:152,0
DA:153,0
DA:155,11158
DA:157,16479
DA:160,413
DA:161,0
DA:165,413
DA:166,826
DA:168,0
DA:169,14865
DA:170,1021
DA:171,0
DA:173,1018
DA:174,1018
DA:178,3054
DA:179,0
DA:183,4072
DA:185,0
DA:186,1018
DA:187,0
DA:191,3297
DA:192,413
DA:194,0
DA:195,0
DA:196,0
DA:198,3521
DA:200,4542
DA:203,413
DA:204,0
DA:208,1018
DA:209,2036
DA:211,0
DA:212,18747
DA:213,1881
DA:214,0
DA:215,0
DA:217,2295
DA:218,0
DA:219,0
DA:220,486
DA:221,0
DA:225,855
DA:227,855
DA:228,855
DA:231,2565
DA:232,0
DA:234,2565
DA:235,0
DA:238,1710
DA:239,855
DA:242,0
DA:245,4762
DA:246,1016
DA:248,859
DA:250,0
DA:252,0
DA:253,0
DA:254,0
DA:256,3350
DA:258,5231
DA:261,1016
DA:265,413
DA:266,826
DA:268,0
DA:269,9549
DA:270,1182
DA:271,0
DA:272,4728
DA:273,0
DA:276,1239
DA:277,413
DA:279,0
DA:280,0
DA:281,0
DA:283,1588
DA:285,2770
DA:288,413
DA:289,0
DA:293,1182
DA:295,2364
DA:301,2364
DA:302,1182
DA:303,1182
DA:306,0
DA:307,39327
DA:308,4727
DA:309,0
DA:310,0
DA:311,3543
DA:312,0
DA:314,3543
DA:315,0
DA:317,3542
DA:318,0
DA:320,3543
DA:321,0
DA:324,3546
DA:325,4728
DA:327,2364
DA:328,4728
DA:330,1182
DA:331,4728
DA:333,0
DA:336,5908
DA:337,1182
DA:339,0
DA:340,0
DA:341,0
DA:343,7200
DA:345,11927
DA:348,1182
DA:352,1182
DA:353,2364
DA:355,0
DA:356,14220
DA:357,1188
DA:358,0
DA:359,5940
DA:360,0
DA:363,3546
DA:364,1182
DA:366,0
DA:367,0
DA:368,0
DA:370,2370
DA:372,3558
DA:375,1182
DA:379,1182
DA:380,2364
DA:382,0
DA:383,93723
DA:384,8406
DA:385,0
DA:386,14175
DA:387,27078
DA:388,22565
DA:393,9026
DA:396,9026
DA:398,3893
DA:401,20358
DA:402,0
DA:404,0
DA:405,0
DA:406,0
DA:408,21653
DA:410,30059
DA:413,1182
DA:417,1182
DA:418,2364
DA:420,0
DA:421,35277
DA:422,4693
DA:423,0
DA:425,4693
DA:426,4693
DA:430,14079
DA:431,0
DA:435,10090
DA:436,0
DA:440,18772
DA:442,4693
DA:443,4693
DA:447,3546
DA:448,1182
DA:450,0
DA:451,0
DA:452,0
DA:454,5884
DA:456,10577
DA:459,1182
DA:463,4693
DA:464,9386
DA:466,0
DA:467,200601
DA:468,17595
DA:469,0
DA:471,12903
DA:472,12903
DA:475,38709
DA:476,0
DA:478,38709
DA:479,0
DA:482,38709
DA:483,12903
DA:487,49269
DA:488,0
DA:490,0
DA:491,0
DA:492,0
DA:494,44579
DA:496,62174
DA:499,4693
DA:503,387
DA:504,774
DA:506,0
DA:507,180570
DA:508,17417
DA:509,0
DA:510,666
DA:511,0
DA:515,35115
DA:516,0
DA:518,0
DA:519,0
DA:520,0
DA:522,42386
DA:524,59803
DA:527,387
DA:533,139903
DA:534,139903
DA:536,374082
DA:537,468358
DA:539,352569
DA:541,116656
DA:544,0
DA:550,1188
DA:555,2376
DA:557,0
DA:558,7128
DA:559,1188
DA:560,4752
DA:561,0
DA:563,0
DA:565,3564
DA:566,0
DA:568,0
DA:569,0
DA:570,0
DA:573,0
DA:574,0
DA:576,0
DA:578,1188
DA:581,0
DA:585,708
DA:587,1415
DA:590,3
LF:307
LH:190
end_of_record
TN:
SF:/Users/gabe/projects/canopy/crates/canopy-verbnet/src/types.rs
FN:223,<impl Default for VerbNetConfig>::default
FN:238,VerbClass::get_members
FN:243,VerbClass::contains_verb
FN:248,VerbClass::get_theta_roles
FN:253,VerbClass::get_semantic_predicates
FN:262,ThematicRole::has_restriction
FN:269,ThematicRole::is_animate
FN:274,ThematicRole::is_concrete
FN:281,SelectionalRestrictions::empty
FN:289,SelectionalRestrictions::add_restriction
FN:299,VerbNetAnalysis::new
FN:317,VerbNetAnalysis::primary_class
FN:322,VerbNetAnalysis::all_theta_roles
FNF:13
FNDA:107,<impl Default for VerbNetConfig>::default
FNDA:8,VerbClass::get_members
FNDA:2,VerbClass::contains_verb
FNDA:0,VerbClass::get_theta_roles
FNDA:0,VerbClass::get_semantic_predicates
FNDA:3,ThematicRole::has_restriction
FNDA:1,ThematicRole::is_animate
FNDA:1,ThematicRole::is_concrete
FNDA:4046,SelectionalRestrictions::empty
FNDA:0,SelectionalRestrictions::add_restriction
FNDA:161,VerbNetAnalysis::new
FNDA:0,VerbNetAnalysis::primary_class
FNDA:0,VerbNetAnalysis::all_theta_roles
DA:223,107
DA:225,214
DA:229,107
DA:238,8
DA:239,68
DA:243,2
DA:244,8
DA:248,0
DA:249,0
DA:253,0
DA:254,0
DA:255,0
DA:262,3
DA:263,10
DA:264,7
DA:269,1
DA:270,4
DA:274,1
DA:275,4
DA:281,4046
DA:284,4046
DA:289,0
DA:290,0
DA:291,0
DA:292,0
DA:299,161
DA:300,322
DA:301,322
DA:302,161
DA:303,161
DA:317,0
DA:318,0
DA:322,0
DA:323,0
DA:324,0
LF:35
LH:21
end_of_record
TN:
SF:/Users/gabe/projects/canopy/crates/canopy-wordnet/src/engine.rs
FN:34,<impl Default for WordNetConfig>::default
FN:58,WordNetEngine::new
FN:72,WordNetEngine::load_data
FN:92,WordNetEngine::analyze_word
FN:157,WordNetEngine::calculate_confidence
FN:172,WordNetEngine::get_hypernyms
FN:178,WordNetEngine::get_hyponyms
FN:184,WordNetEngine::get_synonyms
FN:190,WordNetEngine::is_ready
FNF:9
FNDA:6,<impl Default for WordNetConfig>::default
FNDA:30,WordNetEngine::new
FNDA:25,WordNetEngine::load_data
FNDA:84,WordNetEngine::analyze_word
FNDA:74,WordNetEngine::calculate_confidence
FNDA:0,WordNetEngine::get_hypernyms
FNDA:0,WordNetEngine::get_hyponyms
FNDA:0,WordNetEngine::get_synonyms
FNDA:5,WordNetEngine::is_ready
DA:34,6
DA:36,12
DA:37,12
DA:38,6
DA:58,30
DA:59,60
DA:63,90
DA:64,90
DA:65,60
DA:72,25
DA:73,50
DA:75,100
DA:76,100
DA:78,0
DA:79,0
DA:81,0
DA:82,0
DA:83,0
DA:84,0
DA:85,0
DA:88,0
DA:92,84
DA:93,84
DA:94,1
DA:97,415
DA:100,83
DA:101,164
DA:102,0
DA:106,83
DA:107,0
DA:110,74
DA:112,0
DA:113,0
DA:114,0
DA:115,0
DA:118,74
DA:119,0
DA:120,0
DA:124,74
DA:125,0
DA:126,0
DA:127,0
DA:128,0
DA:129,0
DA:133,0
DA:134,0
DA:135,0
DA:136,0
DA:137,0
DA:143,0
DA:146,0
DA:149,82
DA:150,0
DA:153,0
DA:157,74
DA:158,148
DA:159,74
DA:163,0
DA:166,0
DA:168,0
DA:172,0
DA:174,0
DA:178,0
DA:180,0
DA:184,0
DA:186,0
DA:190,5
DA:191,7
LF:68
LH:29
end_of_record
TN:
SF:/Users/gabe/projects/canopy/crates/canopy-wordnet/src/loader.rs
FN:24,WordNetLoader::new
FN:31,WordNetLoader::load_database
FN:86,WordNetLoader::load_synsets
FN:116,WordNetLoader::parse_synset_line
FN:242,WordNetLoader::load_index
FN:272,WordNetLoader::parse_index_line
FN:330,WordNetLoader::load_exceptions
FN:362,WordNetLoader::parse_exception_line
FNF:8
FNDA:95,WordNetLoader::new
FNDA:214,WordNetLoader::load_database
FNDA:134,WordNetLoader::load_synsets
FNDA:294,WordNetLoader::parse_synset_line
FNDA:116,WordNetLoader::load_index
FNDA:276,WordNetLoader::parse_index_line
FNDA:29,WordNetLoader::load_exceptions
FNDA:63,WordNetLoader::parse_exception_line
DA:24,95
DA:26,95
DA:31,214
DA:32,642
DA:33,214
DA:34,114
DA:37,200
DA:40,818
DA:41,2555
DA:42,365
DA:43,134
DA:44,670
DA:45,678
DA:47,652
DA:48,0
DA:49,0
DA:55,771
DA:56,2401
DA:57,343
DA:58,116
DA:59,580
DA:60,653
DA:61,0
DA:67,758
DA:68,2359
DA:69,337
DA:70,29
DA:71,116
DA:72,0
DA:76,84
DA:77,0
DA:78,0
DA:79,0
DA:82,0
DA:86,134
DA:87,268
DA:89,535
DA:90,687
DA:91,1263
DA:92,3
DA:96,0
DA:97,126
DA:100,882
DA:101,278
DA:102,16
DA:103,16
DA:104,10
DA:106,6
DA:111,122
DA:116,294
DA:117,882
DA:119,294
DA:120,14
DA:124,287
DA:125,285
DA:126,285
DA:127,284
DA:130,0
DA:131,0
DA:132,0
DA:133,664
DA:134,0
DA:137,0
DA:138,0
DA:139,664
DA:141,0
DA:144,0
DA:145,0
DA:146,0
DA:147,0
DA:150,0
DA:154,284
DA:155,2
DA:157,283
DA:158,0
DA:161,0
DA:162,0
DA:163,414
DA:164,2
DA:167,206
DA:168,205
DA:169,205
DA:170,0
DA:172,0
DA:173,408
DA:175,0
DA:177,0
DA:178,408
DA:180,0
DA:183,0
DA:184,0
DA:185,0
DA:186,0
DA:187,0
DA:188,0
DA:191,0
DA:195,279
DA:196,92
DA:197,111
DA:198,0
DA:200,0
DA:201,268
DA:202,134
DA:203,80
DA:204,0
DA:205,76
DA:207,0
DA:210,0
DA:211,0
DA:212,0
DA:213,0
DA:216,0
DA:218,114
DA:221,0
DA:228,278
DA:230,0
DA:231,0
DA:232,0
DA:233,0
DA:234,0
DA:235,0
DA:236,0
DA:237,0
DA:242,116
DA:243,232
DA:245,464
DA:246,630
DA:247,1194
DA:248,0
DA:252,0
DA:253,122
DA:256,828
DA:257,270
DA:258,6
DA:259,6
DA:260,3
DA:262,3
DA:267,113
DA:272,276
DA:273,828
DA:275,276
DA:276,8
DA:279,0
DA:280,0
DA:281,272
DA:282,271
DA:283,270
DA:286,0
DA:287,0
DA:288,0
DA:289,202
DA:290,606
DA:291,0
DA:293,202
DA:298,0
DA:299,1076
DA:301,1
DA:303,269
DA:304,269
DA:308,0
DA:309,0
DA:310,336
DA:311,857
DA:312,0
DA:314,286
DA:318,0
DA:319,0
DA:320,0
DA:321,0
DA:322,0
DA:323,0
DA:324,0
DA:325,0
DA:330,29
DA:331,58
DA:333,116
DA:334,123
DA:335,195
DA:336,0
DA:340,0
DA:341,2
DA:344,126
DA:345,61
DA:346,0
DA:348,2
DA:349,2
DA:350,1
DA:352,1
DA:357,28
DA:362,63
DA:363,189
DA:365,63
DA:366,4
DA:369,0
DA:370,0
DA:373,0
DA:377,0
LF:197
LH:116
end_of_record
TN:
SF:/Users/gabe/projects/canopy/crates/canopy-wordnet/src/parser.rs
FN:23,<impl Default for WordNetParserConfig>::default
FN:40,WordNetParser::new
FN:47,WordNetParser::with_config
FN:52,WordNetParser::parse_file
FN:83,WordNetParser::config
FN:88,WordNetParser::set_config
FN:94,<impl Default for WordNetParser>::default
FN:104,utils::split_fields
FN:111,utils::parse_numeric_field
FN:124,utils::is_license_or_empty
FN:135,utils::parse_synset_offset
FN:143,utils::extract_gloss
FN:150,utils::parse_pos
FN:163,utils::parse_pointer_symbol
FNF:14
FNDA:100,<impl Default for WordNetParserConfig>::default
FNDA:0,WordNetParser::new
FNDA:102,WordNetParser::with_config
FNDA:280,WordNetParser::parse_file
FNDA:35,WordNetParser::config
FNDA:1,WordNetParser::set_config
FNDA:0,<impl Default for WordNetParser>::default
FNDA:639,utils::split_fields
FNDA:1757,utils::parse_numeric_field
FNDA:893,utils::is_license_or_empty
FNDA:1800,utils::parse_synset_offset
FNDA:289,utils::extract_gloss
FNDA:1772,utils::parse_pos
FNDA:421,utils::parse_pointer_symbol
DA:23,100
DA:26,200
DA:27,200
DA:40,0
DA:42,0
DA:47,102
DA:52,280
DA:57,1120
DA:58,5
DA:61,0
DA:62,3
DA:63,2
DA:64,3
DA:65,1
DA:66,1
DA:71,278
DA:72,0
DA:75,0
DA:77,15
DA:78,75
DA:83,35
DA:84,35
DA:88,1
DA:89,2
DA:94,0
DA:95,0
DA:104,639
DA:105,1278
DA:106,16141
DA:111,1757
DA:118,5308
DA:119,111
DA:124,893
DA:125,2679
DA:126,1786
DA:127,40
DA:131,637
DA:135,1800
DA:137,5408
DA:138,24
DA:143,289
DA:144,1153
DA:145,572
DA:150,1772
DA:152,1772
DA:153,780
DA:154,388
DA:155,315
DA:156,0
DA:157,281
DA:158,16
DA:163,421
DA:165,421
DA:166,479
DA:167,589
DA:168,243
DA:169,32
DA:170,31
DA:171,30
DA:172,28
DA:173,28
DA:174,28
DA:175,28
DA:176,28
DA:177,29
DA:178,30
DA:179,24
DA:180,24
DA:181,24
DA:182,24
DA:183,24
DA:184,24
DA:185,25
DA:186,24
DA:187,22
DA:188,22
DA:189,39
DA:190,5
DA:191,5
DA:192,5
LF:80
LH:72
end_of_record
TN:
SF:/Users/gabe/projects/canopy/crates/canopy-wordnet/src/types.rs
FN:26,PartOfSpeech::code
FN:37,PartOfSpeech::name
FN:107,SemanticRelation::symbol
FN:139,SemanticRelation::description
FN:229,Synset::primary_word
FN:234,Synset::contains_word
FN:239,Synset::word_list
FN:244,Synset::get_relations
FN:249,Synset::definition
FN:260,Synset::examples
FN:308,IndexEntry::primary_synset_offset
FN:313,IndexEntry::has_relation
FN:342,WordNetDatabase::new
FN:352,WordNetDatabase::lookup_word
FN:357,WordNetDatabase::get_synset
FN:362,WordNetDatabase::get_synsets_for_word
FN:374,WordNetDatabase::get_hypernyms
FN:382,WordNetDatabase::get_hyponyms
FN:390,WordNetDatabase::get_instance_hypernyms
FN:398,WordNetDatabase::get_instance_hyponyms
FN:406,WordNetDatabase::lowest_common_hypernym
FN:434,WordNetDatabase::path_similarity
FN:449,WordNetDatabase::stats
FN:472,<impl Default for WordNetDatabase>::default
FN:511,WordNetAnalysis::new
FN:524,WordNetAnalysis::has_results
FN:529,WordNetAnalysis::primary_definition
FNF:27
FNDA:144,PartOfSpeech::code
FNDA:1058,PartOfSpeech::name
FNDA:26,SemanticRelation::symbol
FNDA:26,SemanticRelation::description
FNDA:2,Synset::primary_word
FNDA:6,Synset::contains_word
FNDA:2,Synset::word_list
FNDA:18,Synset::get_relations
FNDA:8,Synset::definition
FNDA:7,Synset::examples
FNDA:2,IndexEntry::primary_synset_offset
FNDA:4,IndexEntry::has_relation
FNDA:142,WordNetDatabase::new
FNDA:169,WordNetDatabase::lookup_word
FNDA:5,WordNetDatabase::get_synset
FNDA:79,WordNetDatabase::get_synsets_for_word
FNDA:11,WordNetDatabase::get_hypernyms
FNDA:2,WordNetDatabase::get_hyponyms
FNDA:1,WordNetDatabase::get_instance_hypernyms
FNDA:1,WordNetDatabase::get_instance_hyponyms
FNDA:3,WordNetDatabase::lowest_common_hypernym
FNDA:2,WordNetDatabase::path_similarity
FNDA:2,WordNetDatabase::stats
FNDA:1,<impl Default for WordNetDatabase>::default
FNDA:86,WordNetAnalysis::new
FNDA:6,WordNetAnalysis::has_results
FNDA:2,WordNetAnalysis::primary_definition
DA:26,144
DA:27,144
DA:28,93
DA:29,17
DA:30,17
DA:31,1
DA:32,16
DA:37,1058
DA:38,1058
DA:39,276
DA:40,261
DA:41,260
DA:42,1
DA:43,260
DA:107,26
DA:108,26
DA:109,1
DA:110,1
DA:111,1
DA:112,1
DA:113,1
DA:114,1
DA:115,1
DA:116,1
DA:117,1
DA:118,1
DA:119,1
DA:120,1
DA:121,1
DA:122,1
DA:123,1
DA:124,1
DA:125,1
DA:126,1
DA:127,1
DA:128,1
DA:129,1
DA:130,1
DA:131,1
DA:132,1
DA:133,1
DA:134,1
DA:139,26
DA:140,26
DA:141,1
DA:142,1
DA:143,1
DA:144,1
DA:145,1
DA:146,1
DA:147,1
DA:148,1
DA:149,1
DA:150,1
DA:151,1
DA:152,1
DA:153,1
DA:154,1
DA:155,1
DA:156,1
DA:157,1
DA:158,1
DA:159,1
DA:160,1
DA:161,1
DA:162,1
DA:163,1
DA:164,1
DA:165,1
DA:166,1
DA:229,2
DA:230,6
DA:234,6
DA:235,30
DA:239,2
DA:240,210
DA:244,18
DA:245,90
DA:249,8
DA:250,13
DA:251,0
DA:252,4
DA:253,0
DA:255,4
DA:260,7
DA:261,14
DA:262,14
DA:263,14
DA:265,317
DA:266,288
DA:268,15
DA:269,13
DA:270,6
DA:272,14
DA:274,0
DA:276,220
DA:277,220
DA:279,178
DA:283,7
DA:308,2
DA:309,4
DA:313,4
DA:314,8
DA:342,142
DA:344,284
DA:345,284
DA:346,142
DA:347,142
DA:352,169
DA:353,676
DA:357,5
DA:358,15
DA:362,79
DA:363,314
DA:364,0
DA:366,234
DA:369,2
DA:374,11
DA:375,22
DA:377,29
DA:382,2
DA:383,4
DA:385,2
DA:390,1
DA:391,2
DA:393,1
DA:398,1
DA:399,2
DA:401,1
DA:406,3
DA:407,9
DA:408,6
DA:411,18
DA:412,0
DA:413,0
DA:417,6
DA:418,0
DA:419,6
DA:420,2
DA:423,0
DA:424,0
DA:426,1
DA:430,0
DA:434,2
DA:435,2
DA:436,1
DA:439,0
DA:442,0
DA:444,1
DA:449,2
DA:450,38
DA:451,38
DA:452,24
DA:453,38
DA:455,40
DA:456,40
DA:459,6
DA:465,4
DA:472,1
DA:473,1
DA:511,86
DA:515,172
DA:516,172
DA:517,86
DA:518,86
DA:524,6
DA:525,6
DA:529,2
DA:530,2
LF:169
LH:157
end_of_record
TN:
SF:/Users/gabe/projects/canopy/src/lib.rs
FN:2,add
FNF:1
FNDA:1,add
DA:2,1
DA:3,1
LF:2
LH:2
end_of_record
